Eleanor Norton,Eleanor Norton
Eleanor Norton,Raúl Grijalva
Eleanor Norton,Barbara Lee
Eleanor Norton,Keith Ellison
Eleanor Norton,Ro Khanna
Jim McGovern,Jim McGovern
Jim McGovern,Keith Ellison
Jim McGovern,Betty McCollum
Jim McGovern,Raúl Grijalva
Jim McGovern,Mark Pocan
Steve Cohen,Steve Cohen
Steve Cohen,John Conyers
Steve Cohen,Jim McGovern
Steve Cohen,Eleanor Norton
Steve Cohen,Jamie Raskin
Earl Blumenauer,Earl Blumenauer
Earl Blumenauer,Zoe Lofgren
Earl Blumenauer,Mark Pocan
Earl Blumenauer,Jared Huffman
Earl Blumenauer,Peter Welch
Raúl Grijalva,Raúl Grijalva
Raúl Grijalva,Eleanor Norton
Raúl Grijalva,Keith Ellison
Raúl Grijalva,Jim McGovern
Raúl Grijalva,Barbara Lee
Jamie Raskin,Jamie Raskin
Jamie Raskin,Pramila Jayapal
Jamie Raskin,Luis Gutiérrez
Jamie Raskin,Eleanor Norton
Jamie Raskin,Ro Khanna
Barbara Lee,Barbara Lee
Barbara Lee,Eleanor Norton
Barbara Lee,Keith Ellison
Barbara Lee,Raúl Grijalva
Barbara Lee,Ro Khanna
Dwight Evans,Dwight Evans
Dwight Evans,Sheila Jackson Lee
Dwight Evans,Donald Payne
Dwight Evans,Frederica Wilson
Dwight Evans,Bonnie Watson Coleman
Carol Shea-Porter,Carol Shea-Porter
Carol Shea-Porter,Chellie Pingree
Carol Shea-Porter,Ann Kuster
Carol Shea-Porter,Tim Ryan
Mark Pocan,Mark Pocan
Mark Pocan,Louise Slaughter
Mark Pocan,Betty McCollum
Mark Pocan,Chellie Pingree
Mark Pocan,Jim McGovern
Alcee Hastings,Alcee Hastings
Alcee Hastings,Frederica Wilson
Alcee Hastings,Sheila Jackson Lee
Gwen Moore,Gwen Moore
Gwen Moore,Sheila Jackson Lee
Gwen Moore,Dwight Evans
Gwen Moore,Eleanor Norton
Zoe Lofgren,Zoe Lofgren
Zoe Lofgren,Alan Lowenthal
Zoe Lofgren,Earl Blumenauer
Zoe Lofgren,Grace Napolitano
Zoe Lofgren,Jared Huffman
Jan Schakowsky,Jan Schakowsky
Jan Schakowsky,Keith Ellison
Jan Schakowsky,Jim McGovern
Jan Schakowsky,Mike Quigley
Jan Schakowsky,Jerrold Nadler
Sheila Jackson Lee,Sheila Jackson Lee
Sheila Jackson Lee,Dwight Evans
Sheila Jackson Lee,Donald Payne
Sheila Jackson Lee,Eleanor Norton
Sheila Jackson Lee,Alcee Hastings
Tim Ryan,Tim Ryan
Tim Ryan,Carol Shea-Porter
Tim Ryan,Marcy Kaptur
Keith Ellison,Keith Ellison
Keith Ellison,Jim McGovern
Keith Ellison,Raúl Grijalva
Keith Ellison,Barbara Lee
Keith Ellison,John Conyers
Grace Napolitano,Grace Napolitano
Grace Napolitano,Lucille Roybal-Allard
Grace Napolitano,Judy Chu
Grace Napolitano,Nanette Barragán
Grace Napolitano,Tony Cárdenas
Darren Soto,Darren Soto
Mark Takano,Mark Takano
Mark Takano,Mark DeSaulnier
Mark Takano,Grace Napolitano
Mark Takano,Lucille Roybal-Allard
David Cicilline,David Cicilline
David Cicilline,Jerrold Nadler
David Cicilline,Jim McGovern
John Conyers,John Conyers
John Conyers,Keith Ellison
John Conyers,Steve Cohen
John Conyers,Eleanor Norton
John Conyers,Elijah Cummings
Ted Lieu,Ted Lieu
Ted Lieu,Adam Schiff
Ted Lieu,Jackie Speier
Ted Lieu,Judy Chu
Ted Lieu,Zoe Lofgren
Louise Slaughter,Louise Slaughter
Louise Slaughter,Mark Pocan
Louise Slaughter,Rosa DeLauro
Louise Slaughter,Chellie Pingree
Louise Slaughter,Jim McGovern
Derek Kilmer,Derek Kilmer
Derek Kilmer,Rick Larsen
Derek Kilmer,Suzan DelBene
Derek Kilmer,Denny Heck
Derek Kilmer,Julia Brownley
Ro Khanna,Ro Khanna
Ro Khanna,Barbara Lee
Ro Khanna,Eleanor Norton
Ro Khanna,Zoe Lofgren
Ro Khanna,Jamie Raskin
Yvette Clarke,Yvette Clarke
Yvette Clarke,Hakeem Jeffries
Yvette Clarke,José Serrano
Yvette Clarke,Nydia Velázquez
Judy Chu,Judy Chu
Judy Chu,Lucille Roybal-Allard
Judy Chu,Grace Napolitano
Judy Chu,Ted Lieu
Judy Chu,Tony Cárdenas
Seth Moulton,Seth Moulton
Seth Moulton,Joe Courtney
Seth Moulton,Jim Himes
Chellie Pingree,Chellie Pingree
Chellie Pingree,Carol Shea-Porter
Chellie Pingree,Mark Pocan
Chellie Pingree,Louise Slaughter
Chellie Pingree,Rosa DeLauro
Alan Lowenthal,Alan Lowenthal
Alan Lowenthal,Jared Huffman
Alan Lowenthal,Zoe Lofgren
Alan Lowenthal,Mark DeSaulnier
Alan Lowenthal,Adam Schiff
Bobby Rush,Bobby Rush
Bobby Rush,G. Butterfield
Bobby Rush,Robin Kelly
Bobby Rush,Joyce Beatty
Bobby Rush,Debbie Dingell
Richard Blumenthal,Richard Blumenthal
Richard Blumenthal,Kirsten Gillibrand
Richard Blumenthal,Richard Durbin
Richard Blumenthal,Sheldon Whitehouse
Richard Blumenthal,Edward Markey
Pramila Jayapal,Pramila Jayapal
Pramila Jayapal,Jamie Raskin
Pramila Jayapal,Luis Gutiérrez
Pramila Jayapal,Raúl Grijalva
Pramila Jayapal,Barbara Lee
Jared Polis,Jared Polis
Jared Polis,Jared Huffman
Jared Polis,Alan Lowenthal
Peter DeFazio,Peter DeFazio
Peter DeFazio,Peter Welch
Peter DeFazio,Chellie Pingree
Julia Brownley,Julia Brownley
Julia Brownley,Eric Swalwell
Julia Brownley,Susan Davis
Julia Brownley,Scott Peters
Julia Brownley,Derek Kilmer
Walter Jones,Walter Jones
Peter Welch,Peter Welch
Peter Welch,Mark Pocan
Peter Welch,Chellie Pingree
Peter Welch,Peter DeFazio
Peter Welch,John Yarmuth
Scott Peters,Scott Peters
Scott Peters,Julia Brownley
Scott Peters,Eric Swalwell
Scott Peters,Derek Kilmer
Scott Peters,Susan Davis
Betty McCollum,Betty McCollum
Betty McCollum,Mark Pocan
Betty McCollum,Jim McGovern
Betty McCollum,Raúl Grijalva
Betty McCollum,Keith Ellison
Marcy Kaptur,Marcy Kaptur
Marcy Kaptur,Debbie Dingell
Marcy Kaptur,Tim Ryan
Eric Swalwell,Eric Swalwell
Eric Swalwell,Julia Brownley
Eric Swalwell,Dina Titus
Eric Swalwell,Scott Peters
Eric Swalwell,Adam Schiff
Elizabeth Warren,Elizabeth Warren
Elizabeth Warren,Edward Markey
Elizabeth Warren,Sheldon Whitehouse
Elizabeth Warren,Richard Blumenthal
Elizabeth Warren,Kirsten Gillibrand
Mark DeSaulnier,Mark DeSaulnier
Mark DeSaulnier,Alan Lowenthal
Mark DeSaulnier,Mark Takano
Mark DeSaulnier,Jared Huffman
Mark DeSaulnier,Grace Napolitano
John Garamendi,John Garamendi
Jerrold Nadler,Jerrold Nadler
Jerrold Nadler,Luis Gutiérrez
Jerrold Nadler,Jan Schakowsky
Jerrold Nadler,José Serrano
Jerrold Nadler,Hakeem Jeffries
Nydia Velázquez,Nydia Velázquez
Nydia Velázquez,José Serrano
Nydia Velázquez,Adriano Espaillat
Nydia Velázquez,Luis Gutiérrez
Nydia Velázquez,Yvette Clarke
Al Franken,Al Franken
Al Franken,Mazie Hirono
Al Franken,Patrick Leahy
Al Franken,Bernard Sanders
Al Franken,Kirsten Gillibrand
Joyce Beatty,Joyce Beatty
Joyce Beatty,André Carson
Joyce Beatty,G. Butterfield
Joyce Beatty,Stacey Plaskett
Joyce Beatty,Bobby Rush
Jared Huffman,Jared Huffman
Jared Huffman,Alan Lowenthal
Jared Huffman,Mark DeSaulnier
Jared Huffman,Zoe Lofgren
Jared Huffman,Jared Polis
Amy Klobuchar,Amy Klobuchar
Amy Klobuchar,Bob Casey
Amy Klobuchar,Tammy Duckworth
Amy Klobuchar,Sherrod Brown
Amy Klobuchar,Debbie Stabenow
Katherine Clark,Katherine Clark
Katherine Clark,Suzanne Bonamici
Katherine Clark,Niki Tsongas
Katherine Clark,Louise Slaughter
Katherine Clark,Rosa DeLauro
Gregory Meeks,Gregory Meeks
Gregory Meeks,Hakeem Jeffries
Hank Johnson,Hank Johnson
Hank Johnson,Elijah Cummings
Hank Johnson,Jamie Raskin
Hank Johnson,Sheila Jackson Lee
Hank Johnson,Pramila Jayapal
Jim Langevin,Jim Langevin
Jim Langevin,Bill Keating
Jim Langevin,Katherine Clark
Jim Langevin,John Yarmuth
Bonnie Watson Coleman,Bonnie Watson Coleman
Bonnie Watson Coleman,Donald Payne
Bonnie Watson Coleman,Frederica Wilson
Bonnie Watson Coleman,Dwight Evans
Bonnie Watson Coleman,Sheila Jackson Lee
Tammy Baldwin,Tammy Baldwin
Tammy Baldwin,Sherrod Brown
Tammy Baldwin,Al Franken
Tammy Baldwin,Jeanne Shaheen
Tammy Baldwin,Kirsten Gillibrand
Suzanne Bonamici,Suzanne Bonamici
Suzanne Bonamici,Katherine Clark
Suzanne Bonamici,Mark DeSaulnier
José Serrano,José Serrano
José Serrano,Nydia Velázquez
José Serrano,Jerrold Nadler
José Serrano,Hakeem Jeffries
José Serrano,Adriano Espaillat
Kirsten Gillibrand,Kirsten Gillibrand
Kirsten Gillibrand,Richard Blumenthal
Kirsten Gillibrand,Edward Markey
Kirsten Gillibrand,Patrick Leahy
Kirsten Gillibrand,Al Franken
Kyrsten Sinema,Kyrsten Sinema
Kyrsten Sinema,Jacky Rosen
Debbie Wasserman Schultz,Debbie Wasserman Schultz
Debbie Wasserman Schultz,Ted Deutch
Debbie Wasserman Schultz,Lois Frankel
Debbie Wasserman Schultz,Charlie Crist
Eliot Engel,Eliot Engel
Eliot Engel,Nita Lowey
Eliot Engel,Grace Meng
Eliot Engel,Thomas Suozzi
Eliot Engel,Joseph Kennedy
Ron Kind,Ron Kind
Ron Kind,Suzan DelBene
Ron Kind,Tim Walz
Ron Kind,Dave Loebsack
Gerald Connolly,Gerald Connolly
Gerald Connolly,Donald Beyer
Gerald Connolly,John Sarbanes
Ruben Gallego,Ruben Gallego
Ruben Gallego,Ruben Kihuen
Ruben Gallego,Colleen Hanabusa
Paul Tonko,Paul Tonko
Paul Tonko,John Yarmuth
Paul Tonko,Joseph Kennedy
Paul Tonko,John Sarbanes
Michelle Lujan Grisham,Michelle Lujan Grisham
Michelle Lujan Grisham,Ben Luján
Edward Markey,Edward Markey
Edward Markey,Elizabeth Warren
Edward Markey,Sheldon Whitehouse
Edward Markey,Kirsten Gillibrand
Edward Markey,Richard Blumenthal
Sherrod Brown,Sherrod Brown
Sherrod Brown,Tammy Baldwin
Sherrod Brown,Tammy Duckworth
Sherrod Brown,Richard Blumenthal
Sherrod Brown,Kirsten Gillibrand
Christopher Coons,Christopher Coons
Christopher Coons,Robert Menendez
Christopher Coons,Chris Van Hollen
Christopher Coons,Tim Kaine
Christopher Coons,Cory Booker
Donald Payne,Donald Payne
Donald Payne,Bonnie Watson Coleman
Donald Payne,Frederica Wilson
Donald Payne,André Carson
Donald Payne,Dwight Evans
Anna Eshoo,Anna Eshoo
Anna Eshoo,Doris Matsui
Anna Eshoo,Jerry McNerney
Anna Eshoo,Jackie Speier
Anna Eshoo,Zoe Lofgren
Ann Kuster,Ann Kuster
Ann Kuster,Carol Shea-Porter
Frank Pallone,Frank Pallone
Frank Pallone,Sander Levin
Donald Beyer,Donald Beyer
Donald Beyer,Mike Quigley
Donald Beyer,Alan Lowenthal
Donald Beyer,Gerald Connolly
Mike Quigley,Mike Quigley
Mike Quigley,Jan Schakowsky
Mike Quigley,Donald Beyer
Matt Cartwright,Matt Cartwright
Rick Nolan,Rick Nolan
Debbie Dingell,Debbie Dingell
Debbie Dingell,Marcy Kaptur
Debbie Dingell,Bobby Rush
Luis Gutiérrez,Luis Gutiérrez
Luis Gutiérrez,Pramila Jayapal
Luis Gutiérrez,Jerrold Nadler
Luis Gutiérrez,Jamie Raskin
Luis Gutiérrez,Nydia Velázquez
Brendan Boyle,Brendan Boyle
Brendan Boyle,Mike Doyle
Suzan DelBene,Suzan DelBene
Suzan DelBene,Derek Kilmer
Suzan DelBene,Denny Heck
Suzan DelBene,Rick Larsen
Suzan DelBene,Ron Kind
Jackie Speier,Jackie Speier
Jackie Speier,Adam Schiff
Jackie Speier,Ted Lieu
Jackie Speier,Alan Lowenthal
Jackie Speier,Anna Eshoo
Jacky Rosen,Jacky Rosen
Jacky Rosen,Kyrsten Sinema
Jacky Rosen,Ruben Kihuen
Jacky Rosen,Brad Schneider
André Carson,André Carson
André Carson,Joyce Beatty
André Carson,Donald Payne
André Carson,Stacey Plaskett
André Carson,Sheila Jackson Lee
Cory Booker,Cory Booker
Cory Booker,Edward Markey
Cory Booker,Chris Van Hollen
Cory Booker,Robert Menendez
Cory Booker,Richard Durbin
Tony Cárdenas,Tony Cárdenas
Tony Cárdenas,Grace Napolitano
Tony Cárdenas,Pete Aguilar
Tony Cárdenas,Raul Ruiz
Tony Cárdenas,Lucille Roybal-Allard
Colleen Hanabusa,Colleen Hanabusa
Colleen Hanabusa,Ruben Gallego
Colleen Hanabusa,Tulsi Gabbard
Adam Smith,Adam Smith
Adam Smith,Ted Lieu
Adam Smith,Zoe Lofgren
Dianne Feinstein,Dianne Feinstein
Dianne Feinstein,Richard Durbin
Dianne Feinstein,Richard Blumenthal
Dianne Feinstein,Kamala Harris
Dianne Feinstein,Edward Markey
Pete Sessions,Pete Sessions
Pete Sessions,John Ratcliffe
Pete Sessions,Jeb Hensarling
Ted Deutch,Ted Deutch
Ted Deutch,Debbie Wasserman Schultz
Ted Deutch,Lois Frankel
Ted Deutch,Ileana Ros-Lehtinen
Ted Deutch,Mario Diaz-Balart
Sean Maloney,Sean Maloney
Sean Maloney,Kathleen Rice
Sean Maloney,Grace Meng
Richard Durbin,Richard Durbin
Richard Durbin,Dianne Feinstein
Richard Durbin,Richard Blumenthal
Richard Durbin,Edward Markey
Richard Durbin,Sheldon Whitehouse
Jeff Merkley,Jeff Merkley
Jeff Merkley,Bernard Sanders
Jeff Merkley,Ron Wyden
Jeff Merkley,Edward Markey
Jeff Merkley,Mazie Hirono
Frederica Wilson,Frederica Wilson
Frederica Wilson,Alcee Hastings
Frederica Wilson,Donald Payne
Frederica Wilson,Bonnie Watson Coleman
Frederica Wilson,Dwight Evans
Dave Loebsack,Dave Loebsack
Dave Loebsack,Tim Walz
Dave Loebsack,Ron Kind
Daniel Donovan,Daniel Donovan
Daniel Donovan,Peter King
Daniel Donovan,John Faso
Daniel Donovan,John Katko
Daniel Lipinski,Daniel Lipinski
Daniel Lipinski,Bill Foster
Robin Kelly,Robin Kelly
Robin Kelly,Bobby Rush
Robin Kelly,William Clay
Sheldon Whitehouse,Sheldon Whitehouse
Sheldon Whitehouse,Elizabeth Warren
Sheldon Whitehouse,Jack Reed
Sheldon Whitehouse,Edward Markey
Sheldon Whitehouse,Patrick Leahy
Bill Pascrell,Bill Pascrell
Bill Pascrell,John Larson
Lucille Roybal-Allard,Lucille Roybal-Allard
Lucille Roybal-Allard,Grace Napolitano
Lucille Roybal-Allard,Judy Chu
Lucille Roybal-Allard,Tony Cárdenas
Lucille Roybal-Allard,Zoe Lofgren
Brian Fitzpatrick,Brian Fitzpatrick
Brian Fitzpatrick,Ryan Costello
Brian Fitzpatrick,Charlie Dent
Bill Keating,Bill Keating
Bill Keating,Jim Langevin
Nanette Barragán,Nanette Barragán
Nanette Barragán,Jimmy Gomez
Nanette Barragán,Grace Napolitano
Nanette Barragán,Barbara Lee
Nanette Barragán,Lucille Roybal-Allard
John Delaney,John Delaney
Tim Walz,Tim Walz
Tim Walz,Dave Loebsack
Tim Walz,Ron Kind
Tim Walz,Collin Peterson
Hakeem Jeffries,Hakeem Jeffries
Hakeem Jeffries,Yvette Clarke
Hakeem Jeffries,Gregory Meeks
Hakeem Jeffries,José Serrano
Hakeem Jeffries,Jerrold Nadler
Kathleen Rice,Kathleen Rice
Kathleen Rice,Sean Maloney
Kathleen Rice,Grace Meng
Niki Tsongas,Niki Tsongas
Niki Tsongas,Katherine Clark
Niki Tsongas,David Price
Niki Tsongas,Chellie Pingree
Niki Tsongas,Peter Welch
Peter King,Peter King
Peter King,Daniel Donovan
Peter King,John Katko
Peter King,Rodney Frelinghuysen
Peter King,Lee Zeldin
Salud Carbajal,Salud Carbajal
Salud Carbajal,Jimmy Panetta
Salud Carbajal,Jimmy Gomez
Salud Carbajal,Susan Davis
Salud Carbajal,Pete Aguilar
Rosa DeLauro,Rosa DeLauro
Rosa DeLauro,Louise Slaughter
Rosa DeLauro,Chellie Pingree
Rosa DeLauro,Mark Pocan
Rosa DeLauro,Katherine Clark
Elijah Cummings,Elijah Cummings
Elijah Cummings,John Conyers
Elijah Cummings,Hank Johnson
Trent Franks,Trent Franks
Trent Franks,Louie Gohmert
Blake Farenthold,Blake Farenthold
Blake Farenthold,Lamar Smith
Ed Perlmutter,Ed Perlmutter
Barbara Comstock,Barbara Comstock
Adriano Espaillat,Adriano Espaillat
Adriano Espaillat,José Serrano
Adriano Espaillat,Nydia Velázquez
Adriano Espaillat,Hakeem Jeffries
Carolyn Maloney,Carolyn Maloney
Carolyn Maloney,Grace Meng
Carolyn Maloney,Nita Lowey
Jeanne Shaheen,Jeanne Shaheen
Jeanne Shaheen,Margaret Hassan
Jeanne Shaheen,Angus King
Jeanne Shaheen,Tammy Baldwin
Jeanne Shaheen,Susan Collins
Grace Meng,Grace Meng
Grace Meng,Nita Lowey
Grace Meng,Thomas Suozzi
Grace Meng,Carolyn Maloney
Grace Meng,Kathleen Rice
Robert Scott,Robert Scott
Robert Scott,A. McEachin
John Yarmuth,John Yarmuth
John Yarmuth,Peter Welch
John Yarmuth,Mark Pocan
John Yarmuth,Chellie Pingree
John Yarmuth,Paul Tonko
Doris Matsui,Doris Matsui
Doris Matsui,Anna Eshoo
Doris Matsui,Tony Cárdenas
Doris Matsui,Raul Ruiz
Pat Meehan,Pat Meehan
Pat Meehan,Ryan Costello
Mike Thompson,Mike Thompson
Mike Thompson,Nancy Pelosi
Danny Davis,Danny Davis
Danny Davis,Brenda Lawrence
Danny Davis,John Lewis
Danny Davis,Marcia Fudge
John Lewis,John Lewis
John Lewis,James Clyburn
John Lewis,Terri Sewell
John Lewis,Danny Davis
Adam Schiff,Adam Schiff
Adam Schiff,Ted Lieu
Adam Schiff,Jackie Speier
Adam Schiff,Alan Lowenthal
Adam Schiff,Eric Swalwell
Michael Capuano,Michael Capuano
Michael Capuano,Stephen Lynch
Michael Capuano,Katherine Clark
Paul Gosar,Paul Gosar
Paul Gosar,Andy Biggs
Denny Heck,Denny Heck
Denny Heck,Derek Kilmer
Denny Heck,Suzan DelBene
Denny Heck,Rick Larsen
Denny Heck,Jim Himes
Marco Rubio,Marco Rubio
Elizabeth Esty,Elizabeth Esty
Elizabeth Esty,Derek Kilmer
Elizabeth Esty,Suzanne Bonamici
Dina Titus,Dina Titus
Dina Titus,Eric Swalwell
Dina Titus,Susan Davis
Dina Titus,Julia Brownley
Joseph Kennedy,Joseph Kennedy
Joseph Kennedy,Eliot Engel
Joseph Kennedy,John Sarbanes
Joseph Kennedy,Paul Tonko
Brian Higgins,Brian Higgins
Brian Higgins,John Larson
Brian Higgins,Sander Levin
Brian Higgins,Rosa DeLauro
Kevin Cramer,Kevin Cramer
Marc Veasey,Marc Veasey
Marc Veasey,Al Green
Marc Veasey,Filemon Vela
Beto O'Rourke,Beto O'Rourke
Tom Cole,Tom Cole
Tom Cole,Don Young
William Clay,William Clay
William Clay,Cedric Richmond
William Clay,Emanuel Cleaver
William Clay,Bennie Thompson
William Clay,Robin Kelly
Mike Coffman,Mike Coffman
Margaret Hassan,Margaret Hassan
Margaret Hassan,Jeanne Shaheen
Jerry McNerney,Jerry McNerney
Jerry McNerney,Grace Napolitano
Jerry McNerney,Zoe Lofgren
Jerry McNerney,Anna Eshoo
Jerry McNerney,Alan Lowenthal
Elise Stefanik,Elise Stefanik
Robert Brady,Robert Brady
Ryan Costello,Ryan Costello
Ryan Costello,Pat Meehan
Ryan Costello,Leonard Lance
Ryan Costello,Brian Fitzpatrick
Ryan Costello,Charlie Dent
Brad Schneider,Brad Schneider
Brad Schneider,Raja Krishnamoorthi
Brad Schneider,Thomas Suozzi
Brad Schneider,Jacky Rosen
Doug LaMalfa,Doug LaMalfa
Doug LaMalfa,Paul Cook
Doug LaMalfa,Jeffrey Denham
Gary Peters,Gary Peters
Gary Peters,Debbie Stabenow
Norma Torres,Norma Torres
Norma Torres,Juan Vargas
Mazie Hirono,Mazie Hirono
Mazie Hirono,Al Franken
Mazie Hirono,Bernard Sanders
Mazie Hirono,Jeff Merkley
Mazie Hirono,Patrick Leahy
Steve Stivers,Steve Stivers
Chris Van Hollen,Chris Van Hollen
Chris Van Hollen,Robert Menendez
Chris Van Hollen,Edward Markey
Chris Van Hollen,Cory Booker
Chris Van Hollen,Elizabeth Warren
Ron Wyden,Ron Wyden
Ron Wyden,Jeff Merkley
Ron Wyden,Patty Murray
Ron Wyden,Kamala Harris
Ron Wyden,Tom Udall
Donald Norcross,Donald Norcross
Luke Messer,Luke Messer
Sanford Bishop,Sanford Bishop
Sanford Bishop,David Scott
Phil Roe,Phil Roe
Phil Roe,Marsha Blackburn
Phil Roe,Rick Allen
Phil Roe,Buddy Carter
Carlos Curbelo,Carlos Curbelo
Todd Rokita,Todd Rokita
Todd Rokita,Glenn Grothman
Albio Sires,Albio Sires
Albio Sires,Christopher Smith
Albio Sires,Eliot Engel
Bill Foster,Bill Foster
Bill Foster,Daniel Lipinski
Juan Vargas,Juan Vargas
Juan Vargas,J. Correa
Juan Vargas,Norma Torres
Juan Vargas,Jimmy Gomez
Juan Vargas,Grace Napolitano
Angus King,Angus King
Angus King,Susan Collins
Angus King,Jeanne Shaheen
Joe Courtney,Joe Courtney
Joe Courtney,Seth Moulton
Susan Davis,Susan Davis
Susan Davis,Jimmy Panetta
Susan Davis,Salud Carbajal
Susan Davis,Julia Brownley
Susan Davis,Dina Titus
Brian Babin,Brian Babin
Tulsi Gabbard,Tulsi Gabbard
Tulsi Gabbard,Colleen Hanabusa
Glenn Grothman,Glenn Grothman
Glenn Grothman,Todd Rokita
Jeffrey Duncan,Jeffrey Duncan
Jeffrey Duncan,Jody Hice
Jeffrey Duncan,Mo Brooks
Jim Himes,Jim Himes
Jim Himes,Denny Heck
Jim Himes,Seth Moulton
Collin Peterson,Collin Peterson
Collin Peterson,Tim Walz
Ted Yoho,Ted Yoho
Ted Yoho,Ron DeSantis
Terri Sewell,Terri Sewell
Terri Sewell,James Clyburn
Terri Sewell,Marcia Fudge
Terri Sewell,John Lewis
Terri Sewell,Cedric Richmond
Eddie Johnson,Eddie Johnson
Eddie Johnson,Cedric Richmond
Eddie Johnson,Al Green
Eddie Johnson,Bennie Thompson
Tom O'Halleran,Tom O'Halleran
Glenn Thompson,Glenn Thompson
Glenn Thompson,Lou Barletta
Mike Bishop,Mike Bishop
Pete Olson,Pete Olson
Pete Olson,Bill Flores
Joseph Crowley,Joseph Crowley
Joseph Crowley,Sander Levin
Joseph Crowley,Nita Lowey
Joseph Crowley,Grace Meng
Joseph Crowley,Eliot Engel
Stephen Lynch,Stephen Lynch
Stephen Lynch,Michael Capuano
Debbie Stabenow,Debbie Stabenow
Debbie Stabenow,Gary Peters
Debbie Stabenow,Bob Casey
Debbie Stabenow,Joe Donnelly
Debbie Stabenow,Sherrod Brown
Gene Green,Gene Green
Gene Green,Lloyd Doggett
Gene Green,Henry Cuellar
Lynn Jenkins,Lynn Jenkins
Lynn Jenkins,Jackie Walorski
Scott Tipton,Scott Tipton
Scott Tipton,Steve Pearce
David Valadao,David Valadao
David Valadao,Jeffrey Denham
David Valadao,Mike Simpson
David Valadao,Paul Cook
David Valadao,Devin Nunes
Bob Casey,Bob Casey
Bob Casey,Amy Klobuchar
Bob Casey,Debbie Stabenow
Bob Casey,Sherrod Brown
Bob Casey,Tammy Duckworth
John Larson,John Larson
John Larson,Richard Neal
John Larson,Brian Higgins
John Larson,Bill Pascrell
John Larson,Mike Thompson
Steven Chabot,Steven Chabot
Tammy Duckworth,Tammy Duckworth
Tammy Duckworth,Sherrod Brown
Tammy Duckworth,Amy Klobuchar
Tammy Duckworth,Kirsten Gillibrand
Tammy Duckworth,Richard Blumenthal
Jody Hice,Jody Hice
Jody Hice,Rick Allen
Jody Hice,Jeffrey Duncan
Dan Kildee,Dan Kildee
Dan Kildee,Sander Levin
Jimmy Panetta,Jimmy Panetta
Jimmy Panetta,Salud Carbajal
Jimmy Panetta,Jimmy Gomez
Jimmy Panetta,Susan Davis
Jimmy Panetta,Pete Aguilar
Jon Tester,Jon Tester
Jon Tester,Heidi Heitkamp
Jon Tester,Joe Manchin
Cedric Richmond,Cedric Richmond
Cedric Richmond,Bennie Thompson
Cedric Richmond,Marcia Fudge
Cedric Richmond,William Clay
Cedric Richmond,James Clyburn
Brad Sherman,Brad Sherman
Brad Sherman,Edward Royce
Rodney Davis,Rodney Davis
Rodney Davis,Mike Bost
Rodney Davis,Darin LaHood
Patrick Leahy,Patrick Leahy
Patrick Leahy,Sheldon Whitehouse
Patrick Leahy,Al Franken
Patrick Leahy,Kirsten Gillibrand
Patrick Leahy,Edward Markey
G. Butterfield,G. Butterfield
G. Butterfield,James Clyburn
G. Butterfield,Joyce Beatty
G. Butterfield,Bobby Rush
G. Butterfield,Stacey Plaskett
Ted Poe,Ted Poe
Ted Poe,Randy Weber
Charlie Crist,Charlie Crist
Charlie Crist,Vern Buchanan
Charlie Crist,Debbie Wasserman Schultz
Charlie Crist,Stephanie Murphy
Al Green,Al Green
Al Green,Eddie Johnson
Al Green,Marc Veasey
Al Green,Sheila Jackson Lee
Brenda Lawrence,Brenda Lawrence
Brenda Lawrence,Danny Davis
Alma Adams,Alma Adams
Alma Adams,Marcia Fudge
Alma Adams,Al Lawson
Alma Adams,Stacey Plaskett
Lee Zeldin,Lee Zeldin
Lee Zeldin,Peter King
Kathy Castor,Kathy Castor
Vicente Gonzalez,Vicente Gonzalez
Vicente Gonzalez,Filemon Vela
Vicente Gonzalez,Henry Cuellar
Patty Murray,Patty Murray
Patty Murray,Tom Udall
Patty Murray,Ron Wyden
Patty Murray,Maria Cantwell
Patty Murray,Martin Heinrich
Robert Pittenger,Robert Pittenger
Robert Pittenger,Warren Davidson
Bradley Byrne,Bradley Byrne
Bradley Byrne,Austin Scott
Bradley Byrne,Martha Roby
Benjamin Cardin,Benjamin Cardin
Benjamin Cardin,Thomas Carper
Benjamin Cardin,Chris Van Hollen
Benjamin Cardin,Christopher Coons
J. Correa,J. Correa
J. Correa,Juan Vargas
J. Correa,Jimmy Gomez
J. Correa,Nanette Barragán
Robert Menendez,Robert Menendez
Robert Menendez,Christopher Coons
Robert Menendez,Chris Van Hollen
Robert Menendez,Cory Booker
Robert Menendez,Tim Kaine
Susan Collins,Susan Collins
Susan Collins,Angus King
Susan Collins,Jeanne Shaheen
Mark Meadows,Mark Meadows
Mark Meadows,Gary Palmer
Bill Nelson,Bill Nelson
Paul Cook,Paul Cook
Paul Cook,Doug LaMalfa
Paul Cook,David Valadao
Thomas Suozzi,Thomas Suozzi
Thomas Suozzi,Nita Lowey
Thomas Suozzi,Grace Meng
Thomas Suozzi,Eliot Engel
Thomas Suozzi,Brad Schneider
Madeleine Bordallo,Madeleine Bordallo
Madeleine Bordallo,Amata Radewagen
Diana DeGette,Diana DeGette
Mike Kelly,Mike Kelly
Mike Kelly,Jim Renacci
Mike Kelly,Lou Barletta
Mike Kelly,Pat Tiberi
Pete Aguilar,Pete Aguilar
Pete Aguilar,Raul Ruiz
Pete Aguilar,Tony Cárdenas
Pete Aguilar,Ruben Kihuen
Pete Aguilar,Salud Carbajal
David Young,David Young
David Young,Don Bacon
Lisa Blunt Rochester,Lisa Blunt Rochester
John Katko,John Katko
John Katko,John Faso
John Katko,Peter King
John Katko,Daniel Donovan
Raja Krishnamoorthi,Raja Krishnamoorthi
Raja Krishnamoorthi,Brad Schneider
Karen Bass,Karen Bass
Don Bacon,Don Bacon
Don Bacon,David Young
Jim Costa,Jim Costa
Lois Frankel,Lois Frankel
Lois Frankel,Ted Deutch
Lois Frankel,Debbie Wasserman Schultz
Lois Frankel,Nita Lowey
Don Young,Don Young
Don Young,Tom Cole
Lamar Smith,Lamar Smith
Lamar Smith,Blake Farenthold
Lamar Smith,John Ratcliffe
Rick Allen,Rick Allen
Rick Allen,Buddy Carter
Rick Allen,Tom Graves
Rick Allen,A. Ferguson
Rick Allen,Jody Hice
Matt Gaetz,Matt Gaetz
Matt Gaetz,Vern Buchanan
Steve Pearce,Steve Pearce
Steve Pearce,Scott Tipton
John Boozman,John Boozman
John Boozman,Mike Rounds
John Boozman,James Inhofe
John Boozman,Thad Cochran
John Boozman,Roger Wicker
David Scott,David Scott
David Scott,Terri Sewell
David Scott,Sanford Bishop
Tom Udall,Tom Udall
Tom Udall,Martin Heinrich
Tom Udall,Patty Murray
Tom Udall,Ron Wyden
Tom Udall,Mazie Hirono
Ann Wagner,Ann Wagner
Ann Wagner,Blaine Luetkemeyer
Rick Larsen,Rick Larsen
Rick Larsen,Derek Kilmer
Rick Larsen,Denny Heck
Rick Larsen,Suzan DelBene
Rick Larsen,David Price
Linda Sánchez,Linda Sánchez
Linda Sánchez,Juan Vargas
Randy Weber,Randy Weber
Randy Weber,Ted Poe
Michael Bennet,Michael Bennet
Michael Bennet,Cory Gardner
Michael Bennet,Martin Heinrich
Tim Kaine,Tim Kaine
Tim Kaine,Mark Warner
Tim Kaine,Christopher Coons
Tim Kaine,Robert Menendez
Doug Lamborn,Doug Lamborn
C.A. Dutch Ruppersberger,C.A. Dutch Ruppersberger
Shelley Capito,Shelley Capito
Jack Reed,Jack Reed
Jack Reed,Christopher Murphy
Jack Reed,Sheldon Whitehouse
Jack Reed,Edward Markey
Jack Reed,Richard Blumenthal
Robert Wittman,Robert Wittman
Cheri Bustos,Cheri Bustos
Anthony Brown,Anthony Brown
Anthony Brown,A. McEachin
Anthony Brown,Val Demings
Louie Gohmert,Louie Gohmert
Louie Gohmert,Andy Biggs
Louie Gohmert,Trent Franks
Steve King,Steve King
Stephanie Murphy,Stephanie Murphy
Stephanie Murphy,Charlie Crist
David Rouzer,David Rouzer
David Rouzer,Rick Allen
David Rouzer,Andy Harris
Lou Barletta,Lou Barletta
Lou Barletta,Glenn Thompson
Lou Barletta,Mike Kelly
Marcia Fudge,Marcia Fudge
Marcia Fudge,Bennie Thompson
Marcia Fudge,James Clyburn
Marcia Fudge,Cedric Richmond
Marcia Fudge,Terri Sewell
Michael McCaul,Michael McCaul
Ruben Kihuen,Ruben Kihuen
Ruben Kihuen,Ruben Gallego
Ruben Kihuen,Pete Aguilar
Ruben Kihuen,Salud Carbajal
Ruben Kihuen,Jimmy Panetta
Jackie Walorski,Jackie Walorski
Jackie Walorski,Erik Paulsen
Jackie Walorski,Lynn Jenkins
Mike Doyle,Mike Doyle
Nita Lowey,Nita Lowey
Nita Lowey,Grace Meng
Nita Lowey,Eliot Engel
Nita Lowey,Thomas Suozzi
Nita Lowey,Lois Frankel
Andy Barr,Andy Barr
Buddy Carter,Buddy Carter
Buddy Carter,Tom Graves
Buddy Carter,Rick Allen
Buddy Carter,Phil Roe
Martin Heinrich,Martin Heinrich
Martin Heinrich,Tom Udall
Martin Heinrich,Patty Murray
Martin Heinrich,Maria Cantwell
Martin Heinrich,Michael Bennet
Leonard Lance,Leonard Lance
Leonard Lance,Rodney Frelinghuysen
Leonard Lance,Ryan Costello
Ben Luján,Ben Luján
Ben Luján,Michelle Lujan Grisham
Ben Luján,Raul Ruiz
Brian Schatz,Brian Schatz
Brian Schatz,Maria Cantwell
Val Demings,Val Demings
Val Demings,Al Lawson
Val Demings,Anthony Brown
Dave Joyce,Dave Joyce
Jim Renacci,Jim Renacci
Jim Renacci,Pat Tiberi
Jim Renacci,Mike Kelly
Ralph Abraham,Ralph Abraham
Ralph Abraham,Mike Johnson
Ralph Abraham,Robert Aderholt
Ralph Abraham,Steven Palazzo
Ralph Abraham,Trent Kelly
Al Lawson,Al Lawson
Al Lawson,Val Demings
Al Lawson,Alma Adams
Al Lawson,Stacey Plaskett
Al Lawson,Frederica Wilson
Alex Mooney,Alex Mooney
A. McEachin,A. McEachin
A. McEachin,Anthony Brown
A. McEachin,Robert Scott
Christopher Murphy,Christopher Murphy
Christopher Murphy,Jack Reed
Christopher Murphy,Sheldon Whitehouse
Christopher Murphy,Edward Markey
Christopher Murphy,Patrick Leahy
Maxine Waters,Maxine Waters
Maxine Waters,Barbara Lee
Gus Bilirakis,Gus Bilirakis
Kamala Harris,Kamala Harris
Kamala Harris,Richard Durbin
Kamala Harris,Bernard Sanders
Kamala Harris,Dianne Feinstein
Kamala Harris,Ron Wyden
David McKinley,David McKinley
David McKinley,Evan Jenkins
David McKinley,Bill Johnson
David McKinley,Tim Murphy
F. Sensenbrenner,F. Sensenbrenner
F. Sensenbrenner,Robert Goodlatte
Roger Marshall,Roger Marshall
Roger Marshall,Trent Kelly
Roger Marshall,James Comer
Roger Marshall,Jeff Fortenberry
Steven Palazzo,Steven Palazzo
Steven Palazzo,Ralph Abraham
Steven Palazzo,Gregg Harper
Bruce Poliquin,Bruce Poliquin
Ileana Ros-Lehtinen,Ileana Ros-Lehtinen
Ileana Ros-Lehtinen,Mario Diaz-Balart
Ileana Ros-Lehtinen,Brian Mast
Ileana Ros-Lehtinen,Ted Deutch
Richard Hudson,Richard Hudson
David Price,David Price
David Price,Niki Tsongas
David Price,Rick Larsen
David Price,Suzan DelBene
David Price,John Yarmuth
Jim Banks,Jim Banks
Chris Collins,Chris Collins
Bill Flores,Bill Flores
Bill Flores,Pete Olson
John Faso,John Faso
John Faso,John Katko
John Faso,Daniel Donovan
John Faso,Claudia Tenney
Thomas Garrett,Thomas Garrett
Bennie Thompson,Bennie Thompson
Bennie Thompson,Cedric Richmond
Bennie Thompson,Marcia Fudge
Bennie Thompson,William Clay
Bennie Thompson,James Clyburn
Roy Blunt,Roy Blunt
Roy Blunt,Lindsey Graham
Bill Johnson,Bill Johnson
Bill Johnson,David McKinley
Bill Johnson,Evan Jenkins
Bernard Sanders,Bernard Sanders
Bernard Sanders,Jeff Merkley
Bernard Sanders,Mazie Hirono
Bernard Sanders,Edward Markey
Bernard Sanders,Al Franken
David Brat,David Brat
David Brat,Mark Sanford
David Brat,Ken Buck
Claudia Tenney,Claudia Tenney
Claudia Tenney,John Faso
Filemon Vela,Filemon Vela
Filemon Vela,Vicente Gonzalez
Filemon Vela,Henry Cuellar
Edward Royce,Edward Royce
Edward Royce,Brad Sherman
Tom Emmer,Tom Emmer
Tom Emmer,Blaine Luetkemeyer
Tom Emmer,Trey Hollingsworth
Steve Knight,Steve Knight
Sander Levin,Sander Levin
Sander Levin,Joseph Crowley
Sander Levin,Dan Kildee
Sander Levin,Brian Higgins
Sander Levin,Frank Pallone
Mike Bost,Mike Bost
Mike Bost,Darin LaHood
Mike Bost,Rodney Davis
John Cornyn,John Cornyn
John Cornyn,Ted Cruz
John Cornyn,Thom Tillis
John Cornyn,Orrin Hatch
John Cornyn,John Kennedy
Josh Gottheimer,Josh Gottheimer
John Sarbanes,John Sarbanes
John Sarbanes,Joseph Kennedy
John Sarbanes,Paul Tonko
John Sarbanes,Peter Welch
John Sarbanes,Gerald Connolly
Blaine Luetkemeyer,Blaine Luetkemeyer
Blaine Luetkemeyer,Ann Wagner
Blaine Luetkemeyer,Tom Emmer
Kurt Schrader,Kurt Schrader
Emanuel Cleaver,Emanuel Cleaver
Emanuel Cleaver,William Clay
Emanuel Cleaver,Marcia Fudge
Emanuel Cleaver,Bennie Thompson
Emanuel Cleaver,Joyce Beatty
Thom Tillis,Thom Tillis
Thom Tillis,John Kennedy
Thom Tillis,John Cornyn
Thom Tillis,Ted Cruz
Thom Tillis,Tom Cotton
Joe Wilson,Joe Wilson
Cory Gardner,Cory Gardner
Cory Gardner,Michael Bennet
Cory Gardner,Dean Heller
Claire McCaskill,Claire McCaskill
Mike Rounds,Mike Rounds
Mike Rounds,John Boozman
Mike Rounds,James Inhofe
Mike Rounds,Tom Cotton
Mike Rounds,Roger Wicker
Roger Wicker,Roger Wicker
Roger Wicker,Thad Cochran
Roger Wicker,Pat Roberts
Roger Wicker,John Boozman
Roger Wicker,Richard Shelby
James Inhofe,James Inhofe
James Inhofe,Mike Rounds
James Inhofe,John Boozman
James Inhofe,Luther Strange
Bill Posey,Bill Posey
Bill Posey,Dennis Ross
Christopher Smith,Christopher Smith
Christopher Smith,Albio Sires
Vicky Hartzler,Vicky Hartzler
Vicky Hartzler,Trent Kelly
Frank LoBiondo,Frank LoBiondo
Frank LoBiondo,Rodney Frelinghuysen
Steve Daines,Steve Daines
Steve Daines,John Barrasso
Steve Daines,John Hoeven
Steve Daines,Jim Risch
Steve Daines,Michael Enzi
Tom Cotton,Tom Cotton
Tom Cotton,David Perdue
Tom Cotton,John Kennedy
Tom Cotton,Luther Strange
Tom Cotton,Mike Rounds
David Perdue,David Perdue
David Perdue,Tom Cotton
David Perdue,Tim Scott
Orrin Hatch,Orrin Hatch
Orrin Hatch,Jeff Flake
Orrin Hatch,James Lankford
Orrin Hatch,John Cornyn
Orrin Hatch,null
Markwayne Mullin,Markwayne Mullin
Markwayne Mullin,Brett Guthrie
Markwayne Mullin,Gregg Harper
Dean Heller,Dean Heller
Dean Heller,Lisa Murkowski
Dean Heller,Cory Gardner
Gregg Harper,Gregg Harper
Gregg Harper,Steven Palazzo
Gregg Harper,Markwayne Mullin
Dennis Ross,Dennis Ross
Dennis Ross,Bill Posey
Tim Walberg,Tim Walberg
Tim Walberg,Bill Huizenga
Tim Walberg,Paul Mitchell
Tim Walberg,John Moolenaar
Bruce Westerman,Bruce Westerman
Randy Hultgren,Randy Hultgren
Mia Love,Mia Love
Mia Love,Rob Bishop
Andy Biggs,Andy Biggs
Andy Biggs,Paul Gosar
Andy Biggs,Ken Buck
Andy Biggs,Louie Gohmert
Andy Biggs,Raúl Labrador
Brett Guthrie,Brett Guthrie
Brett Guthrie,Larry Bucshon
Brett Guthrie,Markwayne Mullin
Lisa Murkowski,Lisa Murkowski
Lisa Murkowski,Dan Sullivan
Lisa Murkowski,Dean Heller
Rob Portman,Rob Portman
Rob Portman,Johnny Isakson
Amata Radewagen,Amata Radewagen
Amata Radewagen,Jenniffer González-Colón
Amata Radewagen,Madeleine Bordallo
John Ratcliffe,John Ratcliffe
John Ratcliffe,Pete Sessions
John Ratcliffe,Lamar Smith
Mike Gallagher,Mike Gallagher
Mike Gallagher,Jack Bergman
Tom MacArthur,Tom MacArthur
Raul Ruiz,Raul Ruiz
Raul Ruiz,Pete Aguilar
Raul Ruiz,Tony Cárdenas
Raul Ruiz,Doris Matsui
Raul Ruiz,Ben Luján
Jason Smith,Jason Smith
Susan Brooks,Susan Brooks
Susan Brooks,Larry Bucshon
Bob Gibbs,Bob Gibbs
Bob Gibbs,Robert Latta
Heidi Heitkamp,Heidi Heitkamp
Heidi Heitkamp,Jon Tester
Heidi Heitkamp,Joe Manchin
Heidi Heitkamp,Joe Donnelly
Marsha Blackburn,Marsha Blackburn
Marsha Blackburn,Phil Roe
Catherine Cortez Masto,Catherine Cortez Masto
Neal Dunn,Neal Dunn
Neal Dunn,John Rutherford
Andy Harris,Andy Harris
Joe Manchin,Joe Manchin
Joe Manchin,Heidi Heitkamp
Joe Manchin,Jon Tester
Joe Manchin,Joe Donnelly
Tom Rooney,Tom Rooney
Tom Rooney,Mario Diaz-Balart
Chris Stewart,Chris Stewart
Chris Stewart,Rob Bishop
Chris Stewart,Jason Chaffetz
Brian Mast,Brian Mast
Brian Mast,Ileana Ros-Lehtinen
Kristi Noem,Kristi Noem
Lloyd Smucker,Lloyd Smucker
Mo Brooks,Mo Brooks
Ami Bera,Ami Bera
Ami Bera,Susan Davis
Keith Rothfus,Keith Rothfus
Joe Donnelly,Joe Donnelly
Joe Donnelly,Debbie Stabenow
Joe Donnelly,Jerry Moran
Joe Donnelly,Joe Manchin
Joe Donnelly,Heidi Heitkamp
Maria Cantwell,Maria Cantwell
Maria Cantwell,Patty Murray
Maria Cantwell,Martin Heinrich
Maria Cantwell,Brian Schatz
Thomas Carper,Thomas Carper
Thomas Carper,Benjamin Cardin
Barry Loudermilk,Barry Loudermilk
Barry Loudermilk,Ted Budd
Barry Loudermilk,Warren Davidson
Jim Risch,Jim Risch
Jim Risch,Michael Crapo
Jim Risch,Steve Daines
Michael Turner,Michael Turner
Larry Bucshon,Larry Bucshon
Larry Bucshon,Brett Guthrie
Larry Bucshon,Susan Brooks
Lloyd Doggett,Lloyd Doggett
Lloyd Doggett,Gene Green
Scott DesJarlais,Scott DesJarlais
Scott DesJarlais,John Duncan
Adam Kinzinger,Adam Kinzinger
Adam Kinzinger,John Shimkus
Adam Kinzinger,Peter Roskam
John Duncan,John Duncan
John Duncan,Scott DesJarlais
Paul Mitchell,Paul Mitchell
Paul Mitchell,John Moolenaar
Paul Mitchell,Tim Walberg
Erik Paulsen,Erik Paulsen
Erik Paulsen,Jackie Walorski
Erik Paulsen,Dave Reichert
David Schweikert,David Schweikert
Mark Warner,Mark Warner
Mark Warner,Tim Kaine
Mark Warner,Richard Burr
Tom McClintock,Tom McClintock
Tom McClintock,Dana Rohrabacher
John Moolenaar,John Moolenaar
John Moolenaar,Paul Mitchell
John Moolenaar,Bill Huizenga
John Moolenaar,Tim Walberg
John Moolenaar,Fred Upton
Pat Roberts,Pat Roberts
Pat Roberts,John Hoeven
Pat Roberts,Roger Wicker
Pat Roberts,Jerry Moran
Peter Roskam,Peter Roskam
Peter Roskam,John Shimkus
Peter Roskam,Adam Kinzinger
Mark Amodei,Mark Amodei
Mark Amodei,Dan Newhouse
Mark Amodei,Mike Simpson
Ted Cruz,Ted Cruz
Ted Cruz,John Cornyn
Ted Cruz,Ben Sasse
Ted Cruz,Thom Tillis
Roger Williams,Roger Williams
Charles Grassley,Charles Grassley
Charles Grassley,Joni Ernst
John Kennedy,John Kennedy
John Kennedy,Thom Tillis
John Kennedy,Tom Cotton
John Kennedy,Luther Strange
John Kennedy,John Cornyn
Jerry Moran,Jerry Moran
Jerry Moran,John Hoeven
Jerry Moran,Pat Roberts
Jerry Moran,Joe Donnelly
Jerry Moran,John Thune
Dan Newhouse,Dan Newhouse
Dan Newhouse,Mark Amodei
Dan Newhouse,Mike Simpson
Dan Newhouse,Greg Gianforte
Kevin Yoder,Kevin Yoder
Ted Budd,Ted Budd
Ted Budd,Warren Davidson
Ted Budd,Barry Loudermilk
Ted Budd,Trey Hollingsworth
Ted Budd,Patrick McHenry
Johnny Isakson,Johnny Isakson
Johnny Isakson,Lindsey Graham
Johnny Isakson,Rob Portman
Evan Jenkins,Evan Jenkins
Evan Jenkins,David McKinley
Evan Jenkins,Bill Johnson
Ralph Norman,Ralph Norman
Charles Schumer,Charles Schumer
Jim Cooper,Jim Cooper
Robert Goodlatte,Robert Goodlatte
Robert Goodlatte,F. Sensenbrenner
Jeff Fortenberry,Jeff Fortenberry
Jeff Fortenberry,Roger Marshall
Bill Huizenga,Bill Huizenga
Bill Huizenga,John Moolenaar
Bill Huizenga,Tim Walberg
Bill Huizenga,Dave Trott
Austin Scott,Austin Scott
Austin Scott,Bradley Byrne
A. Ferguson,A. Ferguson
A. Ferguson,Rick Allen
A. Ferguson,null
French Hill,French Hill
Billy Long,Billy Long
Francis Rooney,Francis Rooney
Francis Rooney,Ron DeSantis
Michael Crapo,Michael Crapo
Michael Crapo,Jim Risch
Michael Crapo,Steve Daines
Michael Crapo,James Lankford
Jeb Hensarling,Jeb Hensarling
Jeb Hensarling,Kenny Marchant
Jeb Hensarling,Pete Sessions
Robert Latta,Robert Latta
Robert Latta,Bob Gibbs
Kenny Marchant,Kenny Marchant
Kenny Marchant,Jeb Hensarling
Kenny Marchant,Sam Johnson
Scott Perry,Scott Perry
Dan Sullivan,Dan Sullivan
Dan Sullivan,Lisa Murkowski
Jodey Arrington,Jodey Arrington
Trent Kelly,Trent Kelly
Trent Kelly,Robert Aderholt
Trent Kelly,Roger Marshall
Trent Kelly,Ralph Abraham
Trent Kelly,Vicky Hartzler
John McCain,John McCain
John McCain,Ron Johnson
Tom Marino,Tom Marino
John Rutherford,John Rutherford
John Rutherford,Neal Dunn
Gregorio Sablan,Gregorio Sablan
Gregorio Sablan,Madeleine Bordallo
Ken Calvert,Ken Calvert
Ken Calvert,Jeffrey Denham
Ken Calvert,Devin Nunes
Ken Calvert,Kevin McCarthy
Ken Calvert,David Valadao
Duncan Hunter,Duncan Hunter
Duncan Hunter,Dana Rohrabacher
Darrell Issa,Darrell Issa
Darrell Issa,Mimi Walters
John Culberson,John Culberson
John Culberson,John Carter
John Culberson,K. Conaway
John Culberson,Sam Johnson
Joaquín Castro,Joaquín Castro
Joaquín Castro,Marc Veasey
Joaquín Castro,Filemon Vela
Ron DeSantis,Ron DeSantis
Ron DeSantis,Ted Yoho
Ron DeSantis,Francis Rooney
Joni Ernst,Joni Ernst
Joni Ernst,Charles Grassley
Joni Ernst,Deb Fischer
Morgan Griffith,Morgan Griffith
Tim Murphy,Tim Murphy
Tim Murphy,Bill Shuster
Tim Murphy,David McKinley
Dave Trott,Dave Trott
Dave Trott,Bill Huizenga
Daniel Webster,Daniel Webster
Jack Bergman,Jack Bergman
Jack Bergman,Mike Gallagher
Tom Reed,Tom Reed
Henry Cuellar,Henry Cuellar
Henry Cuellar,Vicente Gonzalez
Henry Cuellar,Gene Green
Henry Cuellar,Filemon Vela
Michael Burgess,Michael Burgess
Chuck Fleischmann,Chuck Fleischmann
Chuck Fleischmann,David Kustoff
Will Hurd,Will Hurd
Will Hurd,William Thornberry
James Lankford,James Lankford
James Lankford,Mike Lee
James Lankford,Jeff Flake
James Lankford,Orrin Hatch
James Lankford,Michael Crapo
Bill Cassidy,Bill Cassidy
Darin LaHood,Darin LaHood
Darin LaHood,Mike Bost
Darin LaHood,John Shimkus
Darin LaHood,Rodney Davis
Martha McSally,Martha McSally
Sam Graves,Sam Graves
Sam Graves,Billy Long
Todd Young,Todd Young
Rod Blum,Rod Blum
Rod Blum,James Comer
Thad Cochran,Thad Cochran
Thad Cochran,Roger Wicker
Thad Cochran,John Boozman
Sean Duffy,Sean Duffy
Sam Johnson,Sam Johnson
Sam Johnson,K. Conaway
Sam Johnson,John Culberson
Sam Johnson,Kenny Marchant
Sam Johnson,Kevin Brady
Richard Neal,Richard Neal
Richard Neal,John Larson
Richard Neal,Paul Ryan
Richard Neal,Nancy Pelosi
Doug Collins,Doug Collins
Charlie Dent,Charlie Dent
Charlie Dent,Brian Fitzpatrick
Charlie Dent,Ryan Costello
Mark Walker,Mark Walker
Mark Walker,Patrick McHenry
Rob Bishop,Rob Bishop
Rob Bishop,Chris Stewart
Rob Bishop,Mia Love
Rob Bishop,Jason Chaffetz
Jimmy Gomez,Jimmy Gomez
Jimmy Gomez,Nanette Barragán
Jimmy Gomez,Salud Carbajal
Jimmy Gomez,Juan Vargas
Jimmy Gomez,Jimmy Panetta
Cathy McMorris Rodgers,Cathy McMorris Rodgers
Peter Visclosky,Peter Visclosky
Rick Crawford,Rick Crawford
Rick Crawford,Steve Womack
Mike Lee,Mike Lee
Mike Lee,Rand Paul
Mike Lee,James Lankford
Mike Lee,Orrin Hatch
John Shimkus,John Shimkus
John Shimkus,Adam Kinzinger
John Shimkus,Darin LaHood
John Shimkus,Peter Roskam
Brad Wenstrup,Brad Wenstrup
Tim Scott,Tim Scott
Tim Scott,Bob Corker
Tim Scott,Patrick Toomey
Tim Scott,David Perdue
Pat Tiberi,Pat Tiberi
Pat Tiberi,Jim Renacci
Pat Tiberi,Paul Ryan
Pat Tiberi,Mike Kelly
Jeffrey Denham,Jeffrey Denham
Jeffrey Denham,David Valadao
Jeffrey Denham,Ken Calvert
Jeffrey Denham,Devin Nunes
Jeffrey Denham,Doug LaMalfa
Michael Enzi,Michael Enzi
Michael Enzi,John Barrasso
Michael Enzi,Steve Daines
Michael Enzi,null
Thomas Massie,Thomas Massie
Thomas Massie,Justin Amash
Dana Rohrabacher,Dana Rohrabacher
Dana Rohrabacher,Duncan Hunter
Dana Rohrabacher,Tom McClintock
Dave Reichert,Dave Reichert
Dave Reichert,Erik Paulsen
Deb Fischer,Deb Fischer
Deb Fischer,Joni Ernst
Tom Graves,Tom Graves
Tom Graves,Buddy Carter
Tom Graves,Rick Allen
Ron Johnson,Ron Johnson
Ron Johnson,John McCain
John Barrasso,John Barrasso
John Barrasso,Michael Enzi
John Barrasso,Steve Daines
John Barrasso,John Hoeven
Jenniffer González-Colón,Jenniffer González-Colón
Jenniffer González-Colón,Amata Radewagen
Steve Russell,Steve Russell
Steve Russell,Jim Bridenstine
Jaime Herrera Beutler,Jaime Herrera Beutler
Frank Lucas,Frank Lucas
Stacey Plaskett,Stacey Plaskett
Stacey Plaskett,James Clyburn
Stacey Plaskett,Joyce Beatty
Stacey Plaskett,Al Lawson
Stacey Plaskett,Alma Adams
Raúl Labrador,Raúl Labrador
Raúl Labrador,Ken Buck
Raúl Labrador,Andy Biggs
John Thune,John Thune
John Thune,Jerry Moran
Diane Black,Diane Black
Clay Higgins,Clay Higgins
Mike Rogers,Mike Rogers
Mimi Walters,Mimi Walters
Mimi Walters,Darrell Issa
Rodney Frelinghuysen,Rodney Frelinghuysen
Rodney Frelinghuysen,Leonard Lance
Rodney Frelinghuysen,Frank LoBiondo
Rodney Frelinghuysen,Peter King
John Hoeven,John Hoeven
John Hoeven,Jerry Moran
John Hoeven,Steve Daines
John Hoeven,Pat Roberts
John Hoeven,John Barrasso
Mark Sanford,Mark Sanford
Mark Sanford,Justin Amash
Mark Sanford,David Brat
Mark Sanford,Ken Buck
Luther Strange,Luther Strange
Luther Strange,James Inhofe
Luther Strange,Tom Cotton
Luther Strange,John Kennedy
Luther Strange,John Boozman
Mario Diaz-Balart,Mario Diaz-Balart
Mario Diaz-Balart,Ileana Ros-Lehtinen
Mario Diaz-Balart,Tom Rooney
Mario Diaz-Balart,Ted Deutch
Fred Upton,Fred Upton
Fred Upton,null
Fred Upton,John Moolenaar
Robert Aderholt,Robert Aderholt
Robert Aderholt,Trent Kelly
Robert Aderholt,Ralph Abraham
Jim Bridenstine,Jim Bridenstine
Jim Bridenstine,Steve Russell
John Carter,John Carter
John Carter,John Culberson
John Carter,K. Conaway
James Comer,James Comer
James Comer,Roger Marshall
James Comer,Rod Blum
Jeff Flake,Jeff Flake
Jeff Flake,null
Jeff Flake,Orrin Hatch
Jeff Flake,James Lankford
Tom Rice,Tom Rice
Tom Rice,Paul Ryan
Lindsey Graham,Lindsey Graham
Lindsey Graham,Roy Blunt
Lindsey Graham,Johnny Isakson
Jason Lewis,Jason Lewis
Bill Shuster,Bill Shuster
Bill Shuster,Tim Murphy
Trey Hollingsworth,Trey Hollingsworth
Trey Hollingsworth,Ted Budd
Trey Hollingsworth,Tom Emmer
Jim Jordan,Jim Jordan
Ken Buck,Ken Buck
Ken Buck,Raúl Labrador
Ken Buck,Andy Biggs
Ken Buck,David Brat
Ken Buck,Mark Sanford
Joe Barton,Joe Barton
Mike Johnson,Mike Johnson
Mike Johnson,Ralph Abraham
K. Conaway,K. Conaway
K. Conaway,John Culberson
K. Conaway,Sam Johnson
K. Conaway,William Thornberry
K. Conaway,John Carter
Vern Buchanan,Vern Buchanan
Vern Buchanan,Charlie Crist
Vern Buchanan,Matt Gaetz
Warren Davidson,Warren Davidson
Warren Davidson,Ted Budd
Warren Davidson,Barry Loudermilk
Warren Davidson,Robert Pittenger
Kay Granger,Kay Granger
Kay Granger,Kevin Brady
Kay Granger,K. Conaway
George Holding,George Holding
Steve Womack,Steve Womack
Steve Womack,Rick Crawford
Rand Paul,Rand Paul
Rand Paul,Mike Lee
Scott Taylor,Scott Taylor
Richard Burr,Richard Burr
Richard Burr,Mark Warner
James Clyburn,James Clyburn
James Clyburn,Terri Sewell
James Clyburn,Marcia Fudge
James Clyburn,Stacey Plaskett
James Clyburn,G. Butterfield
Devin Nunes,Devin Nunes
Devin Nunes,Ken Calvert
Devin Nunes,Jeffrey Denham
Devin Nunes,David Valadao
Gary Palmer,Gary Palmer
Gary Palmer,Mark Meadows
Martha Roby,Martha Roby
Martha Roby,Bradley Byrne
David Kustoff,David Kustoff
David Kustoff,Chuck Fleischmann
Patrick Toomey,Patrick Toomey
Patrick Toomey,Tim Scott
Kevin Brady,Kevin Brady
Kevin Brady,Kay Granger
Kevin Brady,Sam Johnson
Mike Simpson,Mike Simpson
Mike Simpson,Mark Amodei
Mike Simpson,David Valadao
Mike Simpson,Dan Newhouse
Ron Estes,Ron Estes
Harold Rogers,Harold Rogers
William Thornberry,William Thornberry
William Thornberry,K. Conaway
William Thornberry,Will Hurd
Liz Cheney,Liz Cheney
Liz Cheney,Greg Gianforte
null,null
Adrian Smith,Adrian Smith
Virginia Foxx,Virginia Foxx
Steny Hoyer,Steny Hoyer
Steny Hoyer,Nancy Pelosi
Garret Graves,Garret Graves
Lamar Alexander,Lamar Alexander
Jason Chaffetz,Jason Chaffetz
Jason Chaffetz,Rob Bishop
Jason Chaffetz,Chris Stewart
Jason Chaffetz,Raúl Labrador
Greg Walden,Greg Walden
Rob Woodall,Rob Woodall
Ben Sasse,Ben Sasse
Ben Sasse,Ted Cruz
Patrick McHenry,Patrick McHenry
Patrick McHenry,Mark Walker
Patrick McHenry,Ted Budd
Justin Amash,Justin Amash
Justin Amash,Mark Sanford
Justin Amash,Thomas Massie
Greg Gianforte,Greg Gianforte
Greg Gianforte,Liz Cheney
Greg Gianforte,Dan Newhouse
Mitch McConnell,Mitch McConnell
Mitch McConnell,Richard Shelby
Mitch McConnell,Bob Corker
Nancy Pelosi,Nancy Pelosi
Nancy Pelosi,Steny Hoyer
Nancy Pelosi,Kevin McCarthy
Nancy Pelosi,Mike Thompson
Nancy Pelosi,Richard Neal
Richard Shelby,Richard Shelby
Richard Shelby,Mitch McConnell
Richard Shelby,Bob Corker
Richard Shelby,Roger Wicker
Bob Corker,Bob Corker
Bob Corker,Tim Scott
Bob Corker,Richard Shelby
Bob Corker,Mitch McConnell
null,null
null,A. Ferguson
Steve Scalise,Steve Scalise
Kevin McCarthy,Kevin McCarthy
Kevin McCarthy,null
Kevin McCarthy,Nancy Pelosi
Kevin McCarthy,Ken Calvert
null,null
null,Kevin McCarthy
John Curtis,John Curtis
Paul Ryan,Paul Ryan
Paul Ryan,Pat Tiberi
Paul Ryan,Tom Rice
Paul Ryan,Richard Neal
null,null
null,Fred Upton
null,null
null,Jeff Flake
null,Michael Enzi
null,Orrin Hatch
