N000147	N000147	1.0
N000147	G000551	0.488177776337
N000147	L000551	0.441109478474
N000147	E000288	0.362009167671
N000147	K000389	0.284410119057
M000312	M000312	1.0
M000312	E000288	0.425943493843
M000312	M001143	0.370904684067
M000312	G000551	0.369731485844
M000312	P000607	0.344362139702
C001068	C001068	0.999828636137
C001068	C000714	0.340088844299
C001068	M000312	0.243233323097
C001068	N000147	0.206872284412
C001068	R000606	0.205571472645
B000574	B000574	0.999851894143
B000574	L000397	0.329305231571
B000574	P000607	0.260413765907
B000574	H001068	0.225016713142
B000574	W000800	0.217259585857
G000551	G000551	1.0
G000551	N000147	0.488177776337
G000551	E000288	0.420652985573
G000551	M000312	0.369731485844
G000551	L000551	0.364086329937
R000606	R000606	0.999798644611
R000606	J000298	0.59873688221
R000606	G000535	0.282376289368
R000606	N000147	0.276407003403
R000606	K000389	0.263178706169
L000551	L000551	0.999854195776
L000551	N000147	0.441109478474
L000551	E000288	0.394508898258
L000551	G000551	0.364086329937
L000551	K000389	0.329692184925
E000296	E000296	0.999825476974
E000296	J000032	0.354119122028
E000296	P000604	0.261003315449
E000296	W000808	0.233168244362
E000296	W000822	0.232025325298
S001170	S001170	0.999898701346
S001170	P000597	0.398249566555
S001170	K000382	0.342390656471
S001170	R000577	0.233580291271
S001170	L000559	0.185291171074
P000607	P000607	1.0
P000607	S000480	0.525361418724
P000607	M001143	0.4002379179
P000607	P000597	0.379018962383
P000607	M000312	0.344362139702
H000324	H000324	1.0
H000324	W000808	0.370213389397
H000324	J000032	0.244141936302
H000324	L000586	0.165671885014
H000324	E000296	0.152854681015
M001160	M001160	1.0
M001160	J000032	0.237085163593
M001160	E000296	0.22956776619
M001160	N000147	0.216778874397
M001160	E000288	0.195463120937
L000397	L000397	1.0
L000397	L000579	0.404357433319
L000397	B000574	0.329305231571
L000397	N000179	0.313186347485
L000397	H001068	0.311182379723
S001145	S001145	0.999872757951
S001145	E000288	0.335281133652
S001145	M000312	0.325698435307
S001145	Q000023	0.312141895294
S001145	N000002	0.306370675564
J000032	J000032	0.999923138537
J000032	E000296	0.354119122028
J000032	P000604	0.249510586262
J000032	N000147	0.245821416378
J000032	H000324	0.244141936302
R000577	R000577	1.0
R000577	S001170	0.233580291271
R000577	K000009	0.220831096172
R000577	P000597	0.18015819788
R000577	G000559	0.173133254051
E000288	E000288	1.0
E000288	M000312	0.425943493843
E000288	G000551	0.420652985573
E000288	L000551	0.394508898258
E000288	C000714	0.368517160416
N000179	N000179	1.0
N000179	R000486	0.635077148676
N000179	C001080	0.428854823112
N000179	B001300	0.395559310913
N000179	C001097	0.356278002262
S001200	S001200	0.999927727789
S001200	H000324	0.127676606178
S001200	V000081	0.110837101936
S001200	G000574	0.096706032753
S001200	L000580	0.0889039635658
T000472	T000472	1.0
T000472	D000623	0.338445663452
T000472	N000179	0.261704087257
T000472	R000486	0.214582562447
T000472	D000598	0.176316320896
C001084	C001084	1.0
C001084	N000002	0.253155708313
C001084	M000312	0.244351029396
C001084	E000179	0.19532585144
C001084	L000480	0.182390093803
C000714	C000714	0.999890442559
C000714	E000288	0.368517160416
C000714	C001068	0.340088844299
C000714	N000147	0.24231249094
C000714	C000984	0.231565713882
L000582	L000582	1.0
L000582	S001150	0.439760267735
L000582	S001175	0.351535320282
L000582	C001080	0.306618869305
L000582	L000397	0.273230493069
S000480	S000480	1.0
S000480	P000607	0.525361418724
S000480	D000216	0.39551371336
S000480	P000597	0.373573184013
S000480	M000312	0.296410262585
K000381	K000381	1.0
K000381	L000560	0.350583314896
K000381	D000617	0.32837164402
K000381	H001064	0.313682675362
K000381	B001285	0.261124074459
K000389	K000389	0.999834046466
K000389	L000551	0.329692184925
K000389	N000147	0.284410119057
K000389	L000397	0.281309962273
K000389	R000606	0.263178706169
C001067	C001067	1.0
C001067	J000294	0.360885798931
C001067	S000248	0.285512149334
C001067	V000081	0.231939435005
C001067	M001137	0.182776987553
C001080	C001080	1.0
C001080	R000486	0.477927446365
C001080	N000179	0.428854823112
C001080	L000582	0.306618869305
C001080	C001097	0.235948741436
M001196	M001196	0.999855741844
M001196	C001069	0.335438191891
M001196	H001047	0.251349449158
M001196	R000602	0.183408737183
M001196	E000293	0.181072354317
P000597	P000597	0.999871308624
P000597	S001170	0.398249566555
P000597	P000607	0.379018962383
P000597	S000480	0.373573184013
P000597	D000216	0.357267081738
L000579	L000579	0.999816384327
L000579	H001068	0.564982444048
L000579	L000397	0.404357433319
L000579	D000623	0.343494951725
L000579	S001150	0.320330798626
R000515	R000515	0.999786958419
R000515	B001251	0.293516695499
R000515	K000385	0.241937935352
R000515	B001281	0.234590232372
R000515	D000624	0.22324180603
B001277	B001277	0.999914416876
B001277	G000555	0.68425115943
B001277	D000563	0.49174708128
B001277	W000802	0.480176508427
B001277	M000133	0.465505063534
J000298	J000298	1.0
J000298	R000606	0.59873688221
J000298	G000535	0.342709064484
J000298	G000551	0.278900742531
J000298	L000551	0.275590896606
P000598	P000598	0.999864358251
P000598	H001068	0.247399687767
P000598	L000579	0.216976165771
P000598	B001278	0.168489634991
P000598	B001292	0.164250135422
D000191	D000191	1.0
D000191	W000800	0.323037385941
D000191	P000597	0.30181992054
D000191	P000607	0.167683541775
D000191	Y000062	0.106453537941
B001285	B001285	1.0
B001285	S001193	0.319968521595
B001285	D000598	0.278134047985
B001285	P000608	0.270200014114
B001285	K000381	0.261124074459
J000255	J000255	1.0
J000255	B001245	0.12501168251
J000255	S001170	0.121819496155
J000255	R000600	0.0269111394882
J000255	G000582	-0.00480210781097
W000800	W000800	0.999829539272
W000800	P000607	0.342656433582
W000800	P000597	0.329396188259
W000800	D000191	0.323037385941
W000800	Y000062	0.286765635014
P000608	P000608	0.999949298006
P000608	B001285	0.270200014114
P000608	S001193	0.262520968914
P000608	K000381	0.238870739937
P000608	D000598	0.218605458736
M001143	M001143	1.0
M001143	P000607	0.4002379179
M001143	M000312	0.370904684067
M001143	G000551	0.271397173405
M001143	E000288	0.256241559982
K000009	K000009	1.0
K000009	D000624	0.22729164362
K000009	R000577	0.220831096172
K000009	S000480	0.177640497684
K000009	D000216	0.120135486126
S001193	S001193	1.0
S001193	B001285	0.319968521595
S001193	T000468	0.294999778271
S001193	P000608	0.262520968914
S001193	S001150	0.249989330769
W000817	W000817	1.0
W000817	M000133	0.588644295931
W000817	W000802	0.570256561041
W000817	B001277	0.43822991848
W000817	G000555	0.353965699673
D000623	D000623	1.0
D000623	L000579	0.343494951725
D000623	T000472	0.338445663452
D000623	H001068	0.316409051418
D000623	N000179	0.26394790411
G000559	G000559	1.0
G000559	R000577	0.173133254051
G000559	B001285	0.139139294624
G000559	P000597	0.110699117184
G000559	R000486	0.0962241888046
N000002	N000002	0.999878964314
N000002	G000535	0.318731427193
N000002	S001145	0.306370675564
N000002	S000248	0.297948300838
N000002	J000294	0.288550853729
V000081	V000081	0.999917415051
V000081	S000248	0.455858647823
V000081	E000297	0.286508381367
V000081	G000535	0.262022554874
V000081	C001067	0.231939435005
F000457	F000457	1.0
F000457	H001042	0.532340854406
F000457	L000174	0.484694957733
F000457	S000033	0.451996862888
F000457	G000555	0.446920752525
B001281	B001281	1.0
B001281	C001072	0.306238412857
B001281	B001251	0.296272814274
B001281	P000610	0.253532350063
B001281	R000515	0.234590232372
H001068	H001068	1.0
H001068	L000579	0.564982444048
H001068	D000623	0.316409051418
H001068	L000397	0.311182379723
H001068	P000598	0.247399687767
K000367	K000367	1.0
K000367	C001070	0.462619483471
K000367	D000622	0.29788094759
K000367	B000944	0.253479719162
K000367	S000770	0.214377999306
C001101	C001101	0.999865147824
C001101	B001278	0.285141527653
C001101	T000465	0.268140554428
C001101	S000480	0.242443263531
C001101	D000216	0.238841712475
M001137	M001137	0.99986921926
M001137	J000294	0.337769389153
M001137	C001067	0.182776987553
M001137	L000287	0.155109405518
M001137	K000385	0.112890899181
J000288	J000288	0.999800940524
J000288	C000984	0.231106340885
J000288	R000606	0.226745545864
J000288	J000032	0.217824757099
J000288	J000298	0.210233271122
L000559	L000559	1.0
L000559	K000375	0.285942137241
L000559	C001101	0.226679444313
L000559	Y000062	0.212958216667
L000559	T000465	0.199396193027
W000822	W000822	0.999820330748
W000822	P000604	0.617639988661
W000822	W000808	0.236845314503
W000822	E000296	0.232025325298
W000822	J000032	0.217246890068
B001230	B001230	1.0
B001230	B000944	0.392835855484
B001230	F000457	0.357103824615
B001230	S001181	0.237595796585
B001230	G000555	0.235451102257
B001278	B001278	0.999895882909
B001278	C001101	0.285141527653
B001278	D000623	0.210064411163
B001278	P000598	0.168489634991
B001278	L000560	0.152864277363
S000248	S000248	0.999882914781
S000248	V000081	0.455858647823
S000248	N000002	0.297948300838
S000248	J000294	0.291243553162
S000248	E000297	0.291031956673
G000555	G000555	0.999862023178
G000555	B001277	0.68425115943
G000555	M000133	0.49624478817
G000555	L000174	0.464224815369
G000555	F000457	0.446920752525
S001191	S001191	0.999844813225
S001191	R000608	0.224827468395
S001191	P000593	0.196591377258
S001191	O000171	0.0727801918983
S001191	D000620	0.0428912639618
W000797	W000797	1.0
W000797	D000610	0.487956643105
W000797	F000462	0.359153926373
W000797	C001111	0.259221374989
W000797	H000324	0.192407131195
E000179	E000179	0.999934362691
E000179	L000480	0.408202707767
E000179	M001188	0.262234926224
E000179	S001201	0.254764795303
E000179	K000379	0.245839834213
K000188	K000188	1.0
K000188	D000617	0.251299738884
K000188	W000799	0.214681327343
K000188	L000565	0.211907088757
K000188	P000258	0.144923508167
C001078	C001078	0.999840317949
C001078	B001292	0.224201738834
C001078	S001168	0.204715013504
C001078	K000379	0.114319860935
C001078	Q000023	0.0929674506187
G000574	G000574	0.999833780239
G000574	K000390	0.34113329649
G000574	H001050	0.241234183311
G000574	V000130	0.196907877922
G000574	O000171	0.174060642719
T000469	T000469	1.0
T000469	Y000062	0.233870923519
T000469	K000379	0.223173081875
T000469	S001168	0.209929943085
T000469	W000800	0.198174893856
L000580	L000580	0.999868753555
L000580	L000570	0.261482357979
L000580	G000574	0.133905053139
L000580	R000599	0.0921595692635
L000580	S001200	0.0889039635658
M000133	M000133	0.999819981589
M000133	W000817	0.588644295931
M000133	W000802	0.523213475943
M000133	G000555	0.49624478817
M000133	B001277	0.465505063534
B000944	B000944	1.0
B000944	B001230	0.392835855484
B000944	D000622	0.344806611538
B000944	B001277	0.291732192039
B000944	G000555	0.290380954742
C001088	C001088	1.0
C001088	M000639	0.43700003624
C001088	V000128	0.251009166241
C001088	K000384	0.2508238554
C001088	B001288	0.235948801041
P000604	P000604	1.0
P000604	W000822	0.617639988661
P000604	W000808	0.293386638165
P000604	C001072	0.269029736519
P000604	E000296	0.261003315449
E000215	E000215	0.999843578378
E000215	M001163	0.488653838634
E000215	M001166	0.26703107357
E000215	S001175	0.249226331711
E000215	L000397	0.238417565823
K000382	K000382	1.0
K000382	S001170	0.342390656471
K000382	E000293	0.185713112354
K000382	C001069	0.162116765976
K000382	P000597	0.138204038143
P000034	P000034	1.0
P000034	L000263	0.225597143173
P000034	P000096	0.178189635277
P000034	S001165	0.161930799484
P000034	N000188	0.161614596844
B001292	B001292	0.999815568604
B001292	Q000023	0.247695207596
B001292	L000579	0.225873291492
B001292	C001078	0.224201738834
B001292	H001068	0.193341016769
Q000023	Q000023	1.0
Q000023	S001145	0.312141895294
Q000023	B001292	0.247695207596
Q000023	C001084	0.177581071854
Q000023	S000510	0.160001039505
C001090	C001090	1.0
C001090	P000607	0.173570156097
C001090	S000480	0.170813977718
C001090	Q000023	0.0829261541367
C001090	D000216	0.0810959935188
N000127	N000127	0.999947988661
N000127	W000799	0.163328707218
N000127	P000258	0.161764740944
N000127	M001143	0.146378695965
N000127	K000188	0.0658267140388
D000624	D000624	0.999971777794
D000624	K000009	0.22729164362
D000624	R000515	0.22324180603
D000624	R000577	0.129831731319
D000624	K000380	0.0253238081932
G000535	G000535	0.999852624358
G000535	J000298	0.342709064484
G000535	N000002	0.318731427193
G000535	R000606	0.282376289368
G000535	V000081	0.262022554874
B001296	B001296	1.0
B001296	D000482	0.20141273737
B001296	S001165	0.1504124403
B001296	C001084	0.145888507366
B001296	Y000062	0.113095521927
D000617	D000617	0.999898848117
D000617	K000381	0.32837164402
D000617	H001064	0.301304876804
D000617	L000560	0.295266509056
D000617	K000188	0.251299738884
S001175	S001175	1.0
S001175	S001150	0.40922254324
S001175	L000582	0.351535320282
S001175	L000579	0.284678757191
S001175	E000215	0.249226331711
R000608	R000608	0.999770685492
R000608	S001191	0.224827468395
R000608	K000390	0.211294412613
R000608	S001190	0.200636446476
R000608	M001202	0.177687823772
C001072	C001072	1.0
C001072	B001281	0.306238412857
C001072	P000604	0.269029736519
C001072	P000610	0.232088923454
C001072	J000032	0.213956832886
B001288	B001288	1.0
B001288	M000133	0.396945118904
B001288	V000128	0.350768744946
B001288	M000639	0.324350595474
B001288	D000563	0.296417534351
C001097	C001097	1.0
C001097	N000179	0.356278002262
C001097	A000371	0.309007227421
C001097	R000599	0.304634749889
C001097	R000486	0.254186153412
H001050	H001050	1.0
H001050	G000574	0.241234183311
H001050	G000571	0.232881188393
H001050	K000390	0.145242393017
H001050	R000608	0.127653539181
S000510	S000510	1.0
S000510	L000582	0.255330145359
S000510	L000397	0.206870913506
S000510	B000574	0.184667885303
S000510	L000579	0.175739526749
F000062	F000062	0.999798828867
F000062	D000563	0.597179085016
F000062	B001277	0.325145363808
F000062	H001075	0.310557603836
F000062	M000133	0.273870766163
S000250	S000250	1.0
S000250	R000601	0.238240122795
S000250	H001036	0.211712241173
S000250	B001248	0.140719354153
S000250	S000583	0.122429788113
D000610	D000610	0.999842043195
D000610	W000797	0.487956643105
D000610	F000462	0.4640006423
D000610	R000435	0.215642154217
D000610	D000600	0.208875656128
M001185	M001185	1.0
M001185	R000602	0.449938237667
M001185	M001188	0.243294000626
M001185	E000293	0.1873306036
M001185	N000188	0.137237906456
D000563	D000563	0.999899206108
D000563	F000062	0.597179085016
D000563	B001277	0.49174708128
D000563	M000133	0.398032009602
D000563	W000802	0.379669249058
M001176	M001176	1.0
M001176	S000033	0.559639066458
M001176	W000779	0.425839304924
M001176	M000133	0.395054519176
M001176	H001042	0.309960544109
W000808	W000808	1.0
W000808	H000324	0.370213389397
W000808	P000604	0.293386638165
W000808	W000822	0.236845314503
W000808	E000296	0.233168244362
L000565	L000565	1.0
L000565	W000799	0.26311570406
L000565	K000188	0.211907088757
L000565	R000577	0.119871675968
L000565	L000570	0.109348773956
D000625	D000625	0.999919610775
D000625	K000210	0.322729706764
D000625	F000464	0.311476647854
D000625	K000386	0.24984562397
D000625	Z000017	0.189738512039
L000563	L000563	1.0
L000563	F000454	0.211157679558
L000563	S000364	0.14913225174
L000563	H001059	0.148665249348
L000563	K000391	0.141811907291
K000385	K000385	1.0
K000385	R000515	0.241937935352
K000385	C001049	0.234982609749
K000385	R000588	0.144731283188
K000385	B001270	0.136413097382
W000802	W000802	0.999819764285
W000802	W000817	0.570256561041
W000802	R000122	0.534564465284
W000802	M000133	0.523213475943
W000802	L000174	0.497759461403
P000096	P000096	0.999821279242
P000096	L000557	0.328555226326
P000096	P000034	0.178189635277
P000096	H001038	0.164931178093
P000096	S001165	0.151400744915
R000486	R000486	0.999913672931
R000486	N000179	0.635077148676
R000486	C001080	0.477927446365
R000486	C001097	0.254186153412
R000486	L000397	0.244832992554
F000466	F000466	0.999886476915
F000466	C001106	0.281525075436
F000466	D000604	0.249956607819
F000466	K000386	0.186052203178
F000466	L000554	0.111009180546
K000375	K000375	0.999948049615
K000375	L000559	0.285942137241
K000375	C001101	0.194400370121
K000375	L000562	0.182020008564
K000375	C001084	0.170151054859
B001300	B001300	1.0
B001300	G000585	0.410166800022
B001300	N000179	0.395559310913
B001300	L000551	0.240814566612
B001300	R000486	0.235328674316
D000620	D000620	1.0
D000620	H001047	0.148719370365
D000620	P000593	0.116685509682
D000620	R000576	0.103513479233
D000620	C001078	0.101781010628
W000799	W000799	1.0
W000799	L000565	0.26311570406
W000799	K000188	0.214681327343
W000799	P000258	0.208083331585
W000799	N000127	0.163328707218
J000294	J000294	0.99992819372
J000294	C001067	0.360885798931
J000294	M001137	0.337769389153
J000294	S000248	0.291243553162
J000294	N000002	0.288550853729
R000602	R000602	0.999879747891
R000602	M001185	0.449938237667
R000602	M001188	0.265207231045
R000602	E000293	0.190207362175
R000602	M001196	0.183408737183
T000465	T000465	0.999807554952
T000465	C001101	0.268140554428
T000465	P000523	0.252699077129
T000465	P000597	0.247083246708
T000465	W000800	0.229770362377
K000210	K000210	1.0
K000210	D000625	0.322729706764
K000210	K000386	0.253362059593
K000210	F000372	0.248017966747
K000210	Z000017	0.227476596832
C001112	C001112	0.999824475075
C001112	P000613	0.687411397696
C001112	G000585	0.403733849525
C001112	D000598	0.308005392551
C001112	A000371	0.270573019981
D000216	D000216	1.0
D000216	S000480	0.39551371336
D000216	P000597	0.357267081738
D000216	P000607	0.335115671158
D000216	C001101	0.238841712475
C000984	C000984	0.999779216858
C000984	C000714	0.231565713882
C000984	J000288	0.231106340885
C000984	W000822	0.181231856346
C000984	C001068	0.144251227379
F000448	F000448	1.0
F000448	G000552	0.258749306202
F000448	L000564	0.16021925211
F000448	B001302	0.0913727283478
F000448	D000615	0.0425682663918
F000460	F000460	1.0
F000460	S000583	0.290346443653
F000460	C001051	0.198402941227
F000460	H001036	0.189832866192
F000460	R000601	0.188873946667
P000593	P000593	0.999824488536
P000593	S001191	0.196591377258
P000593	F000454	0.189643442631
P000593	K000381	0.189503550529
P000593	P000608	0.173796951771
C001105	C001105	0.999825819235
C001105	M001197	0.0293979048729
C001105	K000386	0.026697576046
C001105	W000804	0.0111500620842
C001105	S000244	0.00915092229843
E000297	E000297	0.999818629818
E000297	S000248	0.291031956673
E000297	V000081	0.286508381367
E000297	J000294	0.211430251598
E000297	M001188	0.195067942142
M000087	M000087	0.999802005506
M000087	M001188	0.265910029411
M000087	L000480	0.252473413944
M000087	C001101	0.146734774113
M000087	R000602	0.0833652019501
S001181	S001181	0.999823552222
S001181	H001076	0.463692247868
S001181	K000383	0.332584440708
S001181	B001230	0.237595796585
S001181	C001035	0.222081720829
M001188	M001188	0.999894850065
M001188	L000480	0.454038858414
M001188	S001201	0.295771300793
M001188	M000087	0.265910029411
M001188	R000602	0.265207231045
S000185	S000185	0.999771161252
S000185	M001200	0.276339590549
S000185	F000455	0.146279156208
S000185	L000581	0.144967734814
S000185	B001292	0.0937903523445
Y000062	Y000062	0.999776470417
Y000062	W000800	0.286765635014
Y000062	P000607	0.272759377956
Y000062	P000597	0.234443485737
Y000062	T000469	0.233870923519
M001163	M001163	1.0
M001163	E000215	0.488653838634
M001163	C001097	0.235295534134
M001163	R000599	0.227016866207
M001163	M001166	0.188521564007
M001181	M001181	1.0
M001181	C001106	0.354175806046
M001181	K000376	0.145058214664
M001181	D000604	0.101462721825
M001181	P000594	0.0995084643364
T000460	T000460	0.999954033825
T000460	P000197	0.203794121742
T000460	S001156	0.168730974197
T000460	B000287	0.1301420331
T000460	D000617	0.0962337851524
D000096	D000096	0.999837208117
D000096	L000581	0.318520963192
D000096	L000287	0.250282764435
D000096	F000455	0.218798935413
D000096	B001270	0.198710978031
L000287	L000287	0.999773862917
L000287	C000537	0.262140452862
L000287	S001185	0.258937120438
L000287	D000096	0.250282764435
L000287	F000455	0.186129450798
S001150	S001150	1.0
S001150	L000582	0.439760267735
S001150	S001175	0.40922254324
S001150	L000579	0.320330798626
S001150	S001193	0.249989330769
C001037	C001037	0.999830739383
C001037	L000562	0.355022549629
C001037	C001101	0.216654837132
C001037	N000015	0.199838280678
C001037	D000216	0.172752976418
G000565	G000565	0.999847838117
G000565	B001302	0.386455774307
G000565	G000552	0.199636816978
G000565	C001096	0.176071763039
G000565	L000573	0.168785095215
H001064	H001064	1.0
H001064	K000381	0.313682675362
H001064	D000617	0.301304876804
H001064	L000560	0.299500823021
H001064	H001047	0.276295542717
R000595	R000595	1.0
R000595	C001056	0.183218002319
R000595	C001088	0.180845916271
R000595	Y000064	0.174518585205
R000595	M000639	0.172739863396
E000293	E000293	0.999764566572
E000293	K000381	0.252085089684
E000293	B001278	0.203692674637
E000293	R000602	0.190207362175
E000293	M001185	0.1873306036
T000468	T000468	0.999872780492
T000468	S001193	0.294999778271
T000468	D000598	0.224898338318
T000468	B001285	0.20806735754
T000468	A000371	0.197475016117
K000379	K000379	0.999873989756
K000379	E000179	0.245839834213
K000379	S001168	0.243884265423
K000379	T000469	0.223173081875
K000379	Y000062	0.192417800426
H001038	H001038	0.999800673526
H001038	L000557	0.34983086586
H001038	L000263	0.231784880161
H001038	D000216	0.200055062771
H001038	C001038	0.193353831768
C001096	C001096	0.999860827389
C001096	P000588	0.177291214466
C001096	G000565	0.176071763039
C001096	G000584	0.163962960243
C001096	S001192	0.113636434078
V000131	V000131	0.999836082716
V000131	G000553	0.228427410126
V000131	V000132	0.209978342056
V000131	J000126	0.174208700657
V000131	G000581	0.131545245647
O000170	O000170	1.0
O000170	G000571	0.0846772193909
O000170	D000191	0.0708740949631
O000170	D000399	0.0668481588364
O000170	G000410	0.0471932291985
C001053	C001053	0.999946363623
C001053	Y000033	0.209984719753
C001053	P000588	0.081415951252
C001053	L000578	0.0650448799133
C001053	C001094	0.0490862727165
C001049	C001049	0.999813010669
C001049	R000588	0.310213208199
C001049	C001061	0.276805818081
C001049	T000193	0.250449419022
C001049	K000385	0.234982609749
C001077	C001077	1.0
C001077	S001191	0.0306476354599
C001077	O000170	0.00596851110458
C001077	G000582	0.0052245259285
C001077	B001284	-0.0291382074356
H001076	H001076	1.0
H001076	S001181	0.463692247868
H001076	B001230	0.194750607014
H001076	C001035	0.181620180607
H001076	K000383	0.134431779385
M001166	M001166	0.999821658421
M001166	N000179	0.305328547955
M001166	L000397	0.296788096428
M001166	E000215	0.26703107357
M001166	L000579	0.259264528751
S001196	S001196	0.999816153504
S001196	F000464	0.197133541107
S001196	K000386	0.191922128201
S001196	C001092	0.185095250607
S001196	G000579	0.0794039964676
B001227	B001227	0.999830286324
B001227	D000482	0.172268033028
B001227	S001154	0.151897728443
B001227	M001151	0.103081464767
B001227	B001296	0.09898853302
C001106	C001106	0.99994883488
C001106	M001181	0.354175806046
C001106	L000567	0.284016013145
C001106	F000466	0.281525075436
C001106	D000604	0.20088994503
S001190	S001190	0.999792203336
S001190	K000391	0.227065324783
S001190	S001201	0.201783716679
S001190	R000608	0.200636446476
S001190	M001202	0.176938712597
L000578	L000578	1.0
L000578	C001094	0.336834907532
L000578	D000612	0.225588679314
L000578	V000129	0.182629585266
L000578	M001177	0.175861775875
P000595	P000595	0.999839400189
P000595	S000770	0.310154974461
P000595	C001070	0.14159989357
P000595	B000944	0.130801260471
P000595	D000622	0.0926290750504
T000474	T000474	0.999838206772
T000474	V000130	0.363398253918
T000474	C001091	0.184742569923
T000474	G000574	0.15995401144
T000474	C001110	0.134564995766
H001042	H001042	0.999904885546
H001042	F000457	0.532340854406
H001042	S000033	0.518848508596
H001042	M001176	0.309960544109
H001042	L000174	0.270439624786
S001187	S001187	1.0
S001187	H001072	0.102706432343
S001187	E000294	0.0981261730194
S001187	M001193	0.087218105793
S001187	B001282	0.0537794828415
V000128	V000128	0.999822465761
V000128	M000639	0.412442684174
V000128	M000133	0.370649218559
V000128	B001288	0.350768744946
V000128	W000817	0.345935881138
W000779	W000779	0.999791740949
W000779	M001176	0.425839304924
W000779	M001111	0.387382090092
W000779	H001075	0.296879887581
W000779	U000039	0.292577385902
N000188	N000188	1.0
N000188	P000034	0.161614596844
N000188	S001165	0.14018201828
N000188	M001185	0.137237906456
N000188	P000096	0.136509180069
M001189	M001189	0.9997935641
M001189	W000812	0.129395127296
M001189	T000475	0.0694712996483
M001189	H001074	0.0511606931686
M001189	W000819	0.0414408445358
B000490	B000490	0.9998592661
B000490	S001157	0.212050497532
B000490	B001281	0.170575082302
B000490	B001251	0.160639703274
B000490	S001185	0.15643376112
R000582	R000582	1.0
R000582	B001243	0.29495292902
R000582	A000372	0.247623324394
R000582	C001103	0.205250680447
R000582	W000810	0.198734223843
C001107	C001107	1.0
C001107	B001260	0.190569162369
C001107	M001199	0.186094343662
C001107	R000435	0.108013153076
C001107	D000600	0.0901035070419
R000592	R000592	1.0
R000592	G000576	0.204133033752
R000592	F000450	0.174794495106
R000592	F000465	0.109533071518
R000592	M001201	0.105522096157
S001165	S001165	0.99985309878
S001165	S000522	0.256004452705
S001165	E000179	0.20978051424
S001165	L000480	0.165038406849
S001165	P000034	0.161930799484
F000454	F000454	0.99987260437
F000454	L000563	0.211157679558
F000454	P000593	0.189643442631
F000454	S001190	0.12989783287
F000454	K000391	0.119382619858
V000130	V000130	1.0
V000130	C001110	0.409275591373
V000130	T000474	0.363398253918
V000130	G000585	0.350126564503
V000130	N000179	0.252870857716
K000383	K000383	0.99994178439
K000383	C001035	0.45079189539
K000383	S001181	0.332584440708
K000383	M001183	0.194791853428
K000383	D000607	0.191616594791
C001069	C001069	0.999802532664
C001069	M001196	0.335438191891
C001069	L000562	0.177387356758
C001069	K000382	0.162116765976
C001069	E000293	0.148598670959
D000598	D000598	1.0
D000598	P000613	0.332925736904
D000598	C001112	0.308005392551
D000598	B001285	0.278134047985
D000598	T000468	0.224898338318
B001291	B001291	0.999925447541
B001291	H001071	0.177384436131
B001291	F000460	0.101862490177
B001291	G000552	0.0950196385384
B001291	D000615	0.0711589455605
G000571	G000571	1.0
G000571	H001050	0.232881188393
G000571	O000170	0.0846772193909
G000571	B001245	0.0457774996758
G000571	R000600	0.0170872211456
G000576	G000576	1.0
G000576	R000592	0.204133033752
G000576	M001201	0.0961207747459
G000576	M001194	0.0950558781624
G000576	W000798	0.0852230787277
D000615	D000615	0.999901748619
D000615	H001071	0.26426923275
D000615	B001274	0.231432914734
D000615	Y000065	0.169856548309
D000615	L000564	0.126434803009
H001047	H001047	1.0
H001047	H001064	0.276295542717
H001047	M001196	0.251349449158
H001047	D000617	0.15332865715
H001047	D000620	0.148719370365
P000258	P000258	1.0
P000258	W000799	0.208083331585
P000258	K000188	0.144923508167
P000258	L000565	0.0594921708107
P000258	S001180	0.0594580173492
Y000065	Y000065	0.999823700942
Y000065	D000621	0.344199478626
Y000065	D000615	0.169856548309
Y000065	R000583	0.106997430325
Y000065	K000362	0.0928397774696
S001185	S001185	1.0
S001185	C000537	0.371269524097
S001185	F000455	0.283666133881
S001185	L000287	0.258937120438
S001185	R000588	0.24037528038
J000126	J000126	0.999946658478
J000126	R000588	0.261289477348
J000126	G000553	0.249521315098
J000126	T000193	0.231572568417
J000126	C001049	0.178221285343
O000171	O000171	1.0
O000171	G000574	0.174060642719
O000171	R000608	0.169176518917
O000171	C001059	0.132394134998
O000171	L000580	0.0809547305107
T000467	T000467	1.0
T000467	B001269	0.240335822105
T000467	J000297	0.127010941505
T000467	D000619	0.125964522362
T000467	M001151	0.122127473354
B001293	B001293	1.0
B001293	T000475	0.108869671822
B001293	W000798	0.106474936008
B001293	W000813	0.0726296305656
B001293	R000586	0.0719668865204
O000168	O000168	0.999807210203
O000168	F000461	0.388890206814
O000168	H001036	0.189054250717
O000168	C001048	0.168664813042
O000168	F000460	0.166264474392
C001038	C001038	1.0
C001038	L000263	0.357298791409
C001038	L000480	0.247347593307
C001038	M001188	0.239125669003
C001038	E000179	0.211123168468
L000562	L000562	1.0
L000562	C001037	0.355022549629
L000562	D000216	0.198861300945
L000562	L000559	0.183811843395
L000562	K000375	0.182020008564
S000770	S000770	1.0
S000770	P000595	0.310154974461
S000770	C001070	0.283994138241
S000770	D000607	0.246865272522
S000770	B000944	0.216773808002
G000410	G000410	0.99996101642
G000410	D000399	0.285274326801
G000410	C001063	0.235810577869
G000410	C001091	0.194132506847
G000410	G000581	0.180728554726
J000290	J000290	1.0
J000290	W000813	0.22319072485
J000290	H001065	0.196562170982
J000290	P000594	0.182385742664
J000290	S001172	0.140027046204
T000470	T000470	0.99998440094
T000470	P000588	0.314673244953
T000470	E000294	0.10846555233
T000470	L000584	0.0746651887894
T000470	C001096	0.0338250398636
V000129	V000129	1.0
V000129	D000612	0.538250565529
V000129	S001148	0.233613908291
V000129	C001094	0.221278369427
V000129	N000181	0.2201359272
C001070	C001070	0.999840658682
C001070	K000367	0.462619483471
C001070	S000770	0.283994138241
C001070	B000944	0.281830966473
C001070	D000622	0.206565499306
L000557	L000557	1.0
L000557	N000015	0.518422663212
L000557	H001038	0.34983086586
L000557	P000096	0.328555226326
L000557	T000460	0.23490023613
C000266	C000266	1.0
C000266	J000289	0.171301960945
C000266	D000621	0.0928406119347
C000266	W000820	0.0490706562996
C000266	B001257	0.0180692076683
D000622	D000622	0.999968478362
D000622	B000944	0.344806611538
D000622	K000367	0.29788094759
D000622	G000555	0.276768863201
D000622	B001277	0.237761199474
H001071	H001071	0.999930219827
H001071	A000372	0.274787068367
H001071	D000615	0.26426923275
H001071	B001291	0.177384436131
H001071	B001274	0.172873139381
K000380	K000380	1.0
K000380	L000263	0.261838793755
K000380	C001069	0.142437934875
K000380	Y000062	0.0914222002029
K000380	H001038	0.0818428993225
P000613	P000613	0.999891252548
P000613	C001112	0.687411397696
P000613	G000585	0.33975070715
P000613	D000598	0.332925736904
P000613	A000371	0.244687378407
T000464	T000464	1.0
T000464	H001069	0.542622983456
T000464	M001183	0.264698266983
T000464	D000607	0.115385174751
T000464	D000618	0.073038816452
R000588	R000588	0.999864852885
R000588	T000193	0.541266083717
R000588	F000455	0.314279258251
R000588	C001049	0.310213208199
R000588	C000537	0.275939762592
S000344	S000344	1.0
S000344	R000487	0.219932675362
S000344	W000812	0.0435291528702
S000344	B001287	0.0408826470375
S000344	G000583	0.0253338217735
D000619	D000619	0.999820524434
D000619	B001295	0.39021641016
D000619	L000585	0.338844358921
D000619	S000364	0.181195020676
D000619	T000467	0.125964522362
L000174	L000174	0.999849943895
L000174	W000802	0.497759461403
L000174	F000457	0.484694957733
L000174	G000555	0.464224815369
L000174	M000133	0.424836039543
B001251	B001251	1.0
B001251	C000537	0.312063217163
B001251	B001281	0.296272814274
B001251	R000515	0.293516695499
B001251	P000610	0.227402627468
P000592	P000592	0.999980711853
P000592	W000814	0.236688494682
P000592	G000377	0.0985431075096
P000592	M001157	0.0616299510002
P000592	F000460	0.0191955566406
C001111	C001111	1.0
C001111	B001260	0.275096178055
C001111	W000797	0.259221374989
C001111	M001202	0.226476609707
C001111	C001066	0.187618613243
G000553	G000553	0.999863064673
G000553	J000126	0.249521315098
G000553	V000131	0.228427410126
G000553	J000032	0.228408277035
G000553	L000581	0.0860108733177
L000581	L000581	1.0
L000581	D000096	0.318520963192
L000581	F000455	0.19781434536
L000581	C001049	0.174252331257
L000581	B001270	0.163317084312
A000370	A000370	0.99995566994
A000370	F000455	0.272913515568
A000370	L000586	0.245353400707
A000370	P000610	0.237484097481
A000370	C000537	0.180005550385
Z000017	Z000017	0.999842867634
Z000017	K000210	0.227476596832
Z000017	D000625	0.189738512039
Z000017	M001193	0.171629369259
Z000017	F000464	0.131987929344
C001066	C001066	1.0
C001066	C001111	0.187618613243
C001066	W000797	0.136613428593
C001066	H000324	0.117266595364
C001066	D000610	0.10190397501
G000581	G000581	0.999904549091
G000581	V000132	0.329618632793
G000581	C001063	0.254654526711
G000581	G000410	0.180728554726
G000581	C001091	0.161510527134
M001111	M001111	1.0
M001111	U000039	0.420127511024
M001111	W000779	0.387382090092
M001111	C000127	0.352626681328
M001111	H001046	0.337243676186
P000606	P000606	0.999854970971
P000606	D000626	0.209444522858
P000606	M001156	0.196852266788
P000606	P000599	0.174821913242
P000606	L000583	0.13878339529
B001289	B001289	1.0
B001289	S001189	0.298811972141
B001289	R000591	0.259296357632
B001289	R000575	0.193390548229
B001289	A000372	0.068922996521
C000141	C000141	0.999887957914
C000141	C000174	0.515629976988
C000141	V000128	0.27494853735
C000141	C001088	0.222034275532
C000141	M000639	0.127958536148
C001110	C001110	1.0
C001110	V000130	0.409275591373
C001110	G000585	0.309126615524
C001110	B001300	0.206561684608
C001110	T000474	0.134564995766
M000639	M000639	1.0
M000639	C001088	0.43700003624
M000639	V000128	0.412442684174
M000639	B001288	0.324350595474
M000639	K000384	0.244696259499
C001035	C001035	1.0
C001035	K000383	0.45079189539
C001035	S001181	0.222081720829
C001035	H001076	0.181620180607
C001035	P000449	0.181501090527
M001187	M001187	0.999897566115
M001187	P000609	0.255200445652
M001187	B001290	0.117339551449
M001187	D000615	0.075902402401
M001187	M001184	0.0378786921501
N000032	N000032	1.0
N000032	C001088	0.191591203213
N000032	B001135	0.0763741731644
N000032	C000141	0.0716717839241
N000032	M000639	0.0635336637497
C001094	C001094	1.0
C001094	L000578	0.336834907532
C001094	V000129	0.221278369427
C001094	D000612	0.189203798771
C001094	R000487	0.107387781143
S001201	S001201	1.0
S001201	L000480	0.326342761517
S001201	M001188	0.295771300793
S001201	E000179	0.254764795303
S001201	S001190	0.201783716679
B001245	B001245	1.0
B001245	R000600	0.304879546165
B001245	S001170	0.149910092354
B001245	J000255	0.12501168251
B001245	G000582	0.0801399946213
D000197	D000197	0.999837494266
D000197	S001168	0.161011040211
D000197	E000215	0.160435438156
D000197	K000379	0.16016292572
D000197	S001180	0.157108306885
K000376	K000376	1.0
K000376	R000586	0.238002896309
K000376	B001269	0.228789329529
K000376	T000462	0.222389161587
K000376	M001181	0.145058214664
A000371	A000371	1.0
A000371	R000599	0.34516453743
A000371	C001097	0.309007227421
A000371	K000390	0.279075264931
A000371	C001112	0.270573019981
Y000066	Y000066	0.999810974507
Y000066	B001298	0.22554397583
Y000066	B001294	0.0922704935074
Y000066	M001198	0.071505010128
Y000066	H001056	0.0394158363342
B001303	B001303	1.0
B001303	N000188	0.165418326855
B001303	A000370	0.146927893162
B001303	D000627	0.108677268028
B001303	B001304	0.0854110121727
K000386	K000386	0.9998119511
K000386	F000464	0.397721886635
K000386	K000210	0.253362059593
K000386	D000625	0.24984562397
K000386	S001196	0.191922128201
K000391	K000391	0.999903890057
K000391	S001190	0.227065324783
K000391	L000563	0.141811907291
K000391	F000454	0.119382619858
K000391	S000364	0.0496740341187
B001270	B001270	1.0
B001270	D000096	0.198710978031
B001270	L000581	0.163317084312
B001270	K000385	0.136413097382
B001270	C001049	0.135494947433
B001298	B001298	1.0
B001298	Y000066	0.22554397583
B001298	M001198	0.159200131893
B001298	G000579	0.0656305551529
B001298	G000566	0.0367519259453
C001059	C001059	1.0
C001059	O000171	0.132394134998
C001059	B000287	0.115385472775
C001059	D000612	0.052114546299
C001059	C001063	0.0464383363724
F000462	F000462	1.0
F000462	D000610	0.4640006423
F000462	W000797	0.359153926373
F000462	L000480	0.257245242596
F000462	S001165	0.158237397671
Y000033	Y000033	0.999841037396
Y000033	C001053	0.209984719753
Y000033	A000369	0.153885960579
Y000033	P000588	0.07112210989
Y000033	V000129	0.0287905931473
S000583	S000583	0.99983066124
S000583	F000460	0.290346443653
S000583	R000601	0.20862609148
S000583	S000250	0.122429788113
S000583	B001273	0.105364024639
A000372	A000372	1.0
A000372	C001103	0.321127355099
A000372	G000560	0.311688125134
A000372	F000465	0.290928602219
A000372	H001071	0.274787068367
G000578	G000578	0.999831332694
G000578	B001260	0.211569607258
G000578	D000621	0.195760905743
G000578	R000607	0.182534098625
G000578	R000609	0.182104885578
P000588	P000588	1.0
P000588	T000470	0.314673244953
P000588	C001096	0.177291214466
P000588	S001192	0.16414642334
P000588	B001250	0.161000847816
B001236	B001236	1.0
B001236	R000605	0.517610937357
B001236	I000024	0.321480095387
B001236	C000567	0.30164116621
B001236	W000437	0.286247551441
S001157	S001157	0.999893951317
S001157	S001185	0.215358197689
S001157	B000490	0.212050497532
S001157	B001281	0.160732150078
S001157	L000287	0.0652129650116
U000039	U000039	1.0
U000039	H001046	0.641829639673
U000039	M001111	0.420127511024
U000039	W000779	0.292577385902
U000039	H001042	0.248417854309
W000812	W000812	0.999795139927
W000812	L000569	0.289489746094
W000812	M001189	0.129395127296
W000812	R000487	0.0807099938393
W000812	E000294	0.0794979929924
L000560	L000560	0.999920590119
L000560	K000381	0.350583314896
L000560	H001064	0.299500823021
L000560	D000617	0.295266509056
L000560	P000523	0.236520528793
S001156	S001156	1.0
S001156	V000130	0.203056454659
S001156	C001038	0.199647307396
S001156	T000460	0.168730974197
S001156	A000371	0.133041918278
W000814	W000814	1.0
W000814	P000592	0.236688494682
W000814	W000795	0.0996754765511
W000814	G000377	0.0809774398804
W000814	B000755	0.0537079572678
B001267	B001267	0.99983556346
B001267	G000562	0.239847302437
B001267	H001046	0.233007609844
B001267	H001041	0.0462493896484
B001267	W000779	0.0100097060204
K000384	K000384	0.999943849129
K000384	W000805	0.425684809685
K000384	C001088	0.2508238554
K000384	M000639	0.244696259499
K000384	C000174	0.0850292444229
L000564	L000564	1.0
L000564	F000448	0.16021925211
L000564	G000565	0.148887574673
L000564	L000578	0.1421828866
L000564	D000615	0.126434803009
R000576	R000576	1.0
R000576	S001168	0.12107861042
R000576	D000620	0.103513479233
R000576	W000804	0.078352689743
R000576	P000523	0.0739092230797
C001047	C001047	1.0
C001047	K000383	0.172524690628
C001047	C001075	0.172270178795
C001047	C001035	0.139482319355
C001047	M001183	0.0905581712723
R000122	R000122	0.999915701657
R000122	M001169	0.582240641117
R000122	W000802	0.534564465284
R000122	M000133	0.340408682823
R000122	B001277	0.312710702419
W000804	W000804	0.99982060006
W000804	R000603	0.121966898441
W000804	R000576	0.078352689743
W000804	T000463	0.0402470231056
W000804	C001105	0.0111500620842
B001286	B001286	1.0
B001286	L000563	0.13986736536
B001286	R000577	0.0590232610703
B001286	B001285	0.0502843260765
B001286	E000293	0.0431396365166
B001304	B001304	0.999828104192
B001304	M001200	0.543221354485
B001304	D000627	0.200945436954
B001304	S000185	0.0912903547287
B001304	B001303	0.0854110121727
G000552	G000552	0.999837549578
G000552	B001302	0.333870768547
G000552	F000448	0.258749306202
G000552	G000565	0.199636816978
G000552	P000609	0.184510946274
K000362	K000362	1.0
K000362	Y000065	0.0928397774696
K000362	K000388	0.0617651939392
K000362	G000552	0.0393287539482
K000362	B001294	0.0320310592651
M001202	M001202	1.0
M001202	C001111	0.226476609707
M001202	R000608	0.177687823772
M001202	S001190	0.176938712597
M001202	L000586	0.145191371441
R000603	R000603	0.999944332903
R000603	A000372	0.249663472176
R000603	H001052	0.208123922348
R000603	G000563	0.134082376957
R000603	A000055	0.133560955524
B001269	B001269	1.0
B001269	T000467	0.240335822105
B001269	K000376	0.228789329529
B001269	P000605	0.19621181488
B001269	M001151	0.192977368832
F000455	F000455	0.999829432432
F000455	T000193	0.323875129223
F000455	C000537	0.320171713829
F000455	R000588	0.314279258251
F000455	S001185	0.283666133881
M001157	M001157	1.0
M001157	G000377	0.111218571663
M001157	F000460	0.0941025614738
M001157	H001073	0.0809565186501
M001157	P000592	0.0616299510002
K000390	K000390	0.999818879282
K000390	G000574	0.34113329649
K000390	A000371	0.279075264931
K000390	C001112	0.259189784527
K000390	P000613	0.219668805599
W000813	W000813	0.999843106052
W000813	P000594	0.258378148079
W000813	J000290	0.22319072485
W000813	H001065	0.161090433598
W000813	R000586	0.156806945801
D000482	D000482	0.999858892814
D000482	B001227	0.172268033028
D000482	N000188	0.0700598955154
D000482	C001090	0.0677284598351
D000482	L000570	0.0505084991455
L000480	L000480	0.99984152554
L000480	M001188	0.454038858414
L000480	E000179	0.408202707767
L000480	S001201	0.326342761517
L000480	F000462	0.257245242596
B001282	B001282	0.999830287881
B001282	L000569	0.199592292309
B001282	R000598	0.192757546902
B001282	H001072	0.185052633286
B001282	L000491	0.113063454628
C001103	C001103	1.0
C001103	G000560	0.403271973133
C001103	A000372	0.321127355099
C001103	R000582	0.205250680447
C001103	D000616	0.158138751984
H001046	H001046	0.99986685031
H001046	U000039	0.641829639673
H001046	M001111	0.337243676186
H001046	C000127	0.263311743736
H001046	B001267	0.233007609844
L000567	L000567	1.0
L000567	F000372	0.330015659332
L000567	C001106	0.284016013145
L000567	K000210	0.0863654017448
L000567	L000554	0.0750471353531
L000570	L000570	1.0
L000570	L000580	0.261482357979
L000570	R000599	0.212883412838
L000570	M001163	0.129351139069
L000570	L000565	0.109348773956
S001194	S001194	0.999877864902
S001194	C000127	0.249225974083
S001194	M001111	0.0763249397278
S001194	S001198	0.0754095315933
S001194	M001176	0.0248770713806
D000627	D000627	0.999828172207
D000627	L000586	0.303291559219
D000627	B001304	0.200945436954
D000627	W000808	0.187210440636
D000627	C001111	0.18700003624
J000295	J000295	0.999836982432
J000295	T000463	0.152300059795
J000295	J000292	0.0867678523064
J000295	M001181	0.0660985708237
J000295	R000586	0.0454582571983
R000586	R000586	0.999827578606
R000586	T000462	0.372481167316
R000586	K000376	0.238002896309
R000586	W000813	0.156806945801
R000586	R000570	0.116699695587
A000374	A000374	1.0
A000374	J000299	0.326261997223
A000374	A000055	0.315058350563
A000374	P000601	0.246505439281
A000374	K000388	0.238189220428
L000586	L000586	0.999771666291
L000586	D000627	0.303291559219
L000586	A000370	0.245353400707
L000586	P000610	0.239877462387
L000586	W000808	0.22833865881
M001195	M001195	1.0
M001195	M001180	0.143029808998
M001195	M001193	0.051403939724
M001195	J000297	0.0467728376389
M001195	D000626	0.0357795357704
M001200	M001200	1.0
M001200	B001304	0.543221354485
M001200	S000185	0.276339590549
M001200	D000627	0.179122805595
M001200	B001303	0.0728881955147
M001169	M001169	1.0
M001169	R000122	0.582240641117
M001169	W000802	0.458690643311
M001169	M000133	0.416272222996
M001169	L000174	0.38881200552
W000187	W000187	1.0
W000187	L000551	0.205752789974
W000187	B001270	0.121696054935
W000187	P000604	0.0664670467377
W000187	B001300	0.0627045631409
B001257	B001257	0.999937658031
B001257	D000600	0.177851140499
B001257	R000435	0.105942904949
B001257	R000609	0.0756284594536
B001257	G000558	0.0562788844109
H001075	H001075	1.0
H001075	D000563	0.355852544308
H001075	S000033	0.335628807545
H001075	F000062	0.310557603836
H001075	W000779	0.296879887581
M001180	M001180	1.0
M001180	J000297	0.338472127914
M001180	J000292	0.28419482708
M001180	M001151	0.237615942955
M001180	M001195	0.143029808998
S000244	S000244	0.999940231435
S000244	G000289	0.223709344864
S000244	I000056	0.08131057024
S000244	C001105	0.00915092229843
S000244	T000475	0.00128197669983
M001198	M001198	1.0
M001198	K000388	0.272916853428
M001198	C001108	0.26153075695
M001198	F000449	0.238627195358
M001198	B001298	0.159200131893
P000601	P000601	1.0
P000601	A000374	0.246505439281
P000601	H001045	0.238345623016
P000601	C001087	0.193028509617
P000601	R000575	0.183597922325
P000611	P000611	1.0
P000611	P000606	0.0312945842743
P000611	S001170	0.0211460590363
P000611	B001301	0.000431835651398
P000611	M001189	-0.0232731103897
R000435	R000435	0.999878783121
R000435	D000600	0.563273578882
R000435	M001199	0.278920948505
R000435	D000610	0.215642154217
R000435	R000583	0.18696475029
H001067	H001067	0.999872317145
H001067	W000798	0.111854910851
H001067	F000450	0.0956701636314
H001067	R000603	0.0679022073746
H001067	A000372	0.0615524053574
P000523	P000523	0.999899090653
P000523	T000465	0.252699077129
P000523	L000560	0.236520528793
P000523	D000617	0.226414144039
P000523	Y000062	0.222610235214
B001299	B001299	1.0
B001299	B001283	0.0720117688179
B001299	R000592	0.0558948516846
B001299	H001053	0.0260668992996
B001299	R000604	-0.0146865844727
C001092	C001092	1.0
C001092	S001196	0.185095250607
C001092	F000464	0.147963821888
C001092	U000031	0.146550416946
C001092	K000386	0.0873655080795
F000461	F000461	1.0
F000461	O000168	0.388890206814
F000461	C001048	0.162772238255
F000461	B000213	0.12381285429
F000461	J000174	0.112039148808
F000464	F000464	1.0
F000464	K000386	0.397721886635
F000464	D000625	0.311476647854
F000464	T000478	0.305457472801
F000464	S001196	0.197133541107
G000580	G000580	1.0
G000580	L000587	0.130401968956
G000580	P000605	0.0315140485764
G000580	M001187	0.00467151403427
G000580	L000573	-0.0102212429047
T000193	T000193	0.999833669208
T000193	R000588	0.541266083717
T000193	F000455	0.323875129223
T000193	C001049	0.250449419022
T000193	C000537	0.249379992485
B000575	B000575	1.0
B000575	G000359	0.308173775673
B000575	C000567	0.166137516499
B000575	W000437	0.162633121014
B000575	C001075	0.0977948904037
J000292	J000292	1.0
J000292	M001180	0.28419482708
J000292	J000297	0.233608424664
J000292	M001151	0.166547894478
J000292	L000566	0.166484951973
S000033	S000033	0.99979998979
S000033	M001176	0.559639066458
S000033	H001042	0.518848508596
S000033	M000133	0.462243497372
S000033	F000457	0.451996862888
B001290	B001290	0.999817017888
B001290	S000051	0.222049534321
B001290	B001297	0.21546214819
B001290	B001302	0.176188051701
B001290	P000609	0.121719777584
T000478	T000478	0.999888928498
T000478	F000464	0.305457472801
T000478	Z000017	0.0755258202553
T000478	P000611	0.054559648037
T000478	P000606	0.0120616555214
V000132	V000132	1.0
V000132	G000581	0.329618632793
V000132	C001063	0.21028482914
V000132	G000410	0.170132040977
V000132	T000238	0.147114157677
R000487	R000487	1.0
R000487	S000344	0.219932675362
R000487	C001094	0.107387781143
R000487	K000387	0.0982621908188
R000487	W000820	0.088557600975
E000294	E000294	1.0
E000294	L000569	0.255866587162
E000294	H001074	0.201622486115
E000294	S001187	0.0981261730194
E000294	W000812	0.0794979929924
K000387	K000387	0.999983192281
K000387	C000059	0.165206611156
K000387	R000487	0.0982621908188
K000387	C001094	0.0699486732483
K000387	I000056	0.0636940002441
L000263	L000263	0.999944208619
L000263	C001038	0.357298791409
L000263	K000380	0.261838793755
L000263	H001038	0.231784880161
L000263	P000034	0.225597143173
B001295	B001295	0.999920732327
B001295	L000585	0.491284370422
B001295	D000619	0.39021641016
B001295	S000364	0.198757648468
B001295	K000378	0.0727804899216
C001056	C001056	1.0
C001056	C001098	0.445569217205
C001056	T000476	0.320099949837
C001056	H000338	0.265245199203
C001056	K000393	0.207751452923
G000583	G000583	0.999932432336
G000583	S001191	0.146311819553
G000583	R000608	0.144212186337
G000583	S001190	0.0964725017548
G000583	Z000017	0.0937169194221
S001168	S001168	0.999869731939
S001168	K000379	0.243884265423
S001168	T000469	0.209929943085
S001168	W000800	0.208273112774
S001168	C001078	0.204715013504
L000569	L000569	0.999868318264
L000569	W000812	0.289489746094
L000569	E000294	0.255866587162
L000569	B001282	0.199592292309
L000569	G000546	0.139826893806
S001180	S001180	0.999842626043
S001180	D000197	0.157108306885
S001180	D000617	0.137288987637
S001180	D000191	0.0986337661743
S001180	K000188	0.0871565937996
C001061	C001061	1.0
C001061	C001049	0.276805818081
C001061	F000455	0.268298327923
C001061	T000193	0.226294457912
C001061	B001281	0.206368505955
T000476	T000476	1.0
T000476	K000393	0.399273216724
T000476	C001056	0.320099949837
T000476	C001098	0.221237361431
T000476	C001095	0.214969694614
W000795	W000795	1.0
W000795	F000450	0.184301316738
W000795	S001189	0.142744004726
W000795	Y000065	0.103951573372
W000795	W000814	0.0996754765511
G000562	G000562	0.999955522726
G000562	B001267	0.239847302437
G000562	H001041	0.233417332172
G000562	M000303	0.042722761631
G000562	D000618	0.0343427658081
M001170	M001170	1.0
M001170	G000386	0.153539538383
M001170	H001069	0.149176359177
M001170	D000607	0.148517370224
M001170	H001076	0.0929170250893
R000605	R000605	0.999832498885
R000605	B001236	0.517610937357
R000605	I000024	0.32943469286
R000605	C001095	0.231390893459
R000605	W000437	0.20871001482
W000437	W000437	0.999770976618
W000437	C000567	0.618394672871
W000437	R000307	0.319128572941
W000437	B001236	0.286247551441
W000437	S000320	0.235130608082
I000024	I000024	1.0
I000024	R000605	0.32943469286
I000024	B001236	0.321480095387
I000024	S001202	0.316019952297
I000024	W000437	0.182348906994
P000599	P000599	1.0
P000599	R000593	0.397600710392
P000599	P000606	0.174821913242
P000599	W000806	0.111973464489
P000599	D000628	0.0875057578087
S000522	S000522	1.0
S000522	S001165	0.256004452705
S000522	F000372	0.13425719738
S000522	D000625	0.13371360302
S000522	P000096	0.116217494011
H001053	H001053	1.0
H001053	K000388	0.203245699406
H001053	A000055	0.154962301254
H001053	R000604	0.0694378614426
H001053	R000591	0.0656059384346
L000554	L000554	1.0
L000554	F000372	0.328122079372
L000554	M001193	0.180935680866
L000554	K000210	0.171175181866
L000554	F000466	0.111009180546
D000618	D000618	1.0
D000618	B001261	0.388818979263
D000618	H001061	0.334814190865
D000618	R000584	0.304469525814
D000618	E000285	0.286984801292
C001095	C001095	1.0
C001095	P000612	0.430151700974
C001095	K000393	0.343672454357
C001095	S001202	0.2619830966
C001095	R000605	0.231390893459
P000612	P000612	0.999905563491
P000612	C001095	0.430151700974
P000612	S001184	0.268371939659
P000612	I000024	0.144483447075
P000612	S001202	0.127492845058
H000338	H000338	1.0
H000338	F000444	0.347194731236
H000338	L000575	0.330066502094
H000338	C001056	0.265245199203
H000338	S001141	0.239295482635
M001190	M001190	0.999859263888
M001190	G000558	0.283394396305
M001190	H001045	0.206883490086
M001190	L000576	0.14351195097
M001190	B001275	0.110798358917
H001041	H001041	1.0
H001041	M001153	0.282320618629
H001041	G000562	0.233417332172
H001041	D000618	0.141514480114
H001041	H000338	0.0487513542175
H001045	H001045	0.99989693828
H001045	P000601	0.238345623016
H001045	M001190	0.206883490086
H001045	G000546	0.118354976177
H001045	A000374	0.0959104299545
R000593	R000593	1.0
R000593	P000599	0.397600710392
R000593	B001305	0.178231716156
R000593	M001156	0.0899770855904
R000593	H001072	0.0626913309097
W000798	W000798	0.999861083983
W000798	H001058	0.2941583395
W000798	M001201	0.276976764202
W000798	M001194	0.27579331398
W000798	H001067	0.111854910851
W000821	W000821	0.999856090493
W000821	C001087	0.16933786869
W000821	S001148	0.168171882629
W000821	G000584	0.140504717827
W000821	C001109	0.11112344265
H001059	H001059	0.999930696024
H001059	L000563	0.148665249348
H001059	L000585	0.0821617245674
H001059	B001295	0.0437076091766
H001059	H001074	0.0409735441208
L000584	L000584	1.0
L000584	B001250	0.267149865627
L000584	S001192	0.194561004639
L000584	C001076	0.184539139271
L000584	P000588	0.145459890366
B001302	B001302	1.0
B001302	G000565	0.386455774307
B001302	B001297	0.361450076103
B001302	G000552	0.333870768547
B001302	L000573	0.272485971451
G000558	G000558	1.0
G000558	B001275	0.3421266675
G000558	M001190	0.283394396305
G000558	S001176	0.17543309927
G000558	J000292	0.13247269392
M001153	M001153	0.999921530114
M001153	S001198	0.285625815392
M001153	H001041	0.282320618629
M001153	C000127	0.178412795067
M001153	D000618	0.00693666934967
P000449	P000449	0.999863452947
P000449	I000055	0.225581288338
P000449	G000359	0.194809019566
P000449	C001035	0.181501090527
P000449	Y000064	0.130439221859
R000600	R000600	1.0
R000600	G000582	0.332002162933
R000600	B001245	0.304879546165
R000600	J000255	0.0269111394882
R000600	B001250	0.00440776348114
R000601	R000601	1.0
R000601	S000250	0.238240122795
R000601	S000583	0.20862609148
R000601	F000460	0.188873946667
R000601	H001036	0.16718184948
G000579	G000579	1.0
G000579	B001301	0.2273478508
G000579	M001194	0.0848023891449
G000579	S001196	0.0794039964676
G000579	B001298	0.0656305551529
M001193	M001193	0.999946009324
M001193	L000554	0.180935680866
M001193	Z000017	0.171629369259
M001193	T000478	0.16310697794
M001193	F000466	0.0917217135429
R000599	R000599	0.999767500514
R000599	A000371	0.34516453743
R000599	C001097	0.304634749889
R000599	M001163	0.227016866207
R000599	L000570	0.212883412838
S001195	S001195	1.0
S001195	H001065	0.192609846592
S001195	T000462	0.163550078869
S001195	L000576	0.156602919102
S001195	P000594	0.126267373562
B001284	B001284	1.0
B001284	B001275	0.257725834846
B001284	W000813	0.0831302404404
B001284	S001196	-0.0264292955399
B001284	C001077	-0.0291382074356
G000563	G000563	0.999868989122
G000563	L000566	0.331217467785
G000563	H001052	0.159187555313
G000563	K000388	0.0981366038322
G000563	A000055	0.061389029026
H001069	H001069	1.0
H001069	T000464	0.542622983456
H001069	M001183	0.355465710163
H001069	D000607	0.208977162838
H001069	M001170	0.149176359177
B001243	B001243	0.999812026523
B001243	R000582	0.29495292902
B001243	F000459	0.175548911095
B001243	D000533	0.148981630802
B001243	B001273	0.105293631554
C001113	C001113	0.999829744265
C001113	H001075	0.158599019051
C001113	F000062	0.124653637409
C001113	S000148	0.07807970047
C001113	K000384	0.0754441022873
D000628	D000628	1.0
D000628	R000609	0.261343240738
D000628	M001199	0.168492674828
D000628	W000806	0.140699923038
D000628	P000599	0.0875057578087
H001052	H001052	1.0
H001052	N000190	0.0305140018463
H001052	D000615	0.00742310285568
H001052	H001053	0.00576120615005
H001052	W000804	0.0025777220726
M001183	M001183	0.999838596355
M001183	H001069	0.355465710163
M001183	T000464	0.264698266983
M001183	D000607	0.217118561268
M001183	K000383	0.194791853428
R000583	R000583	0.999930004153
R000583	D000600	0.211786031723
R000583	R000435	0.18696475029
R000583	Y000065	0.106997430325
R000583	W000806	0.10474973917
S001192	S001192	0.99995063612
S001192	B001250	0.439867675304
S001192	C001076	0.245731949806
S001192	L000584	0.194561004639
S001192	P000588	0.16414642334
M001199	M001199	0.999830276516
M001199	R000435	0.278920948505
M001199	C001107	0.186094343662
M001199	D000628	0.168492674828
M001199	D000600	0.147328555584
N000184	N000184	1.0
N000184	J000290	0.0752943754196
N000184	H001053	0.0381782054901
N000184	K000376	0.0284270048141
N000184	S001195	0.001589179039
S001199	S001199	1.0
S001199	F000466	0.0849060416222
S001199	L000587	0.00484508275986
S001199	B001303	0.00100475549698
S001199	C001106	-0.0473793745041
B001274	B001274	0.999825342791
B001274	H001071	0.172873139381
B001274	R000575	0.16241055727
B001274	D000533	0.0710338354111
B001274	D000616	0.0638981461525
B001287	B001287	0.999870539847
B001287	D000598	0.206536829472
B001287	A000371	0.176042914391
B001287	B000287	0.173443734646
B001287	T000474	0.108998894691
R000598	R000598	1.0
R000598	B001282	0.192757546902
R000598	J000297	0.162271380424
R000598	L000569	0.066181242466
R000598	S001154	0.0385301709175
D000607	D000607	1.0
D000607	S000770	0.246865272522
D000607	M000934	0.218143880367
D000607	M001183	0.217118561268
D000607	H001069	0.208977162838
C000127	C000127	1.0
C000127	M001111	0.352626681328
C000127	H001046	0.263311743736
C000127	S001194	0.249225974083
C000127	M001153	0.178412795067
C000174	C000174	0.999910141283
C000174	C000141	0.515629976988
C000174	C001088	0.121709883213
C000174	R000122	0.0932732820511
C000174	K000384	0.0850292444229
L000583	L000583	0.99990521359
L000583	B001305	0.25503218174
L000583	D000626	0.237806200981
L000583	G000560	0.193871080875
L000583	W000819	0.168305695057
R000584	R000584	0.999860972923
R000584	C000880	0.571028918028
R000584	D000618	0.304469525814
R000584	H001046	0.193918049335
R000584	E000285	0.189381837845
T000463	T000463	0.999891630236
T000463	J000295	0.152300059795
T000463	J000292	0.113637983799
T000463	L000554	0.076712012291
T000463	F000372	0.0747500061989
B001275	B001275	0.999855918169
B001275	G000558	0.3421266675
B001275	B001284	0.257725834846
B001275	M001190	0.110798358917
B001275	R000582	0.0978634357452
D000399	D000399	0.999926653065
D000399	G000410	0.285274326801
D000399	C001091	0.175713300705
D000399	C001063	0.101987600327
D000399	G000581	0.0757085084915
D000616	D000616	1.0
D000616	D000533	0.218197345734
D000616	G000560	0.168050587177
D000616	A000372	0.164495885372
D000616	C001103	0.158138751984
K000378	K000378	0.999864066907
K000378	S000364	0.398491084576
K000378	R000580	0.233458340168
K000378	L000585	0.158733010292
K000378	D000619	0.117458105087
D000533	D000533	1.0
D000533	D000616	0.218197345734
D000533	B001243	0.148981630802
D000533	R000582	0.136416077614
D000533	B001273	0.121198773384
M001201	M001201	0.999829483175
M001201	M001194	0.337223470211
M001201	W000798	0.276976764202
M001201	F000450	0.147009134293
M001201	L000587	0.131016135216
P000594	P000594	0.999817903517
P000594	W000813	0.258378148079
P000594	R000578	0.258305907249
P000594	J000290	0.182385742664
P000594	S001195	0.126267373562
S001183	S001183	1.0
S001183	F000448	-0.00740897655487
S001183	B001297	-0.0115480422974
S001183	B001274	-0.0173232555389
S001183	G000565	-0.0204025506973
W000805	W000805	1.0
W000805	K000384	0.425684809685
W000805	B001135	0.204420387745
W000805	C001113	0.030375957489
W000805	M001183	-0.00907790660858
M001177	M001177	0.999922699652
M001177	R000409	0.213554739952
M001177	L000578	0.175861775875
M001177	L000573	0.136566519737
M001177	C000059	0.117350459099
M001194	M001194	1.0
M001194	M001201	0.337223470211
M001194	H001058	0.332034051418
M001194	W000798	0.27579331398
M001194	U000031	0.227631509304
R000307	R000307	0.999907413563
R000307	H001061	0.3201431036
R000307	W000437	0.319128572941
R000307	M000934	0.258345246315
R000307	C000567	0.190525352955
R000580	R000580	1.0
R000580	S000364	0.305354356766
R000580	K000378	0.233458340168
R000580	L000563	0.0834375619888
R000580	F000449	0.0686838626862
A000369	A000369	0.999812869035
A000369	N000189	0.346080422401
A000369	S001148	0.270960688591
A000369	V000129	0.167431235313
A000369	Y000033	0.153885960579
C001098	C001098	0.999874918562
C001098	C001056	0.445569217205
C001098	S001197	0.305729985237
C001098	T000476	0.221237361431
C001098	H000338	0.199171304703
W000816	W000816	0.999808836903
W000816	L000491	0.130401790142
W000816	B001305	0.11998128891
W000816	C001051	0.0789897441864
W000816	H001072	0.0567678809166
G000386	G000386	1.0
G000386	E000295	0.428322613239
G000386	M001170	0.153539538383
G000386	F000463	0.096074461937
G000386	K000367	0.0494416952133
K000393	K000393	0.999907225261
K000393	T000476	0.399273216724
K000393	C001095	0.343672454357
K000393	S001202	0.249709963799
K000393	C001056	0.207751452923
M000934	M000934	0.999920175855
M000934	H001061	0.535163730383
M000934	R000307	0.258345246315
M000934	D000607	0.218143880367
M000934	T000250	0.209589540958
N000189	N000189	1.0
N000189	A000369	0.346080422401
N000189	S001148	0.226549804211
N000189	G000584	0.216330170631
N000189	C001109	0.179323017597
Y000063	Y000063	1.0
Y000063	E000298	0.0704647898674
Y000063	M001198	0.0624389648438
Y000063	L000576	0.0518461465836
Y000063	C001114	0.016540825367
B001305	B001305	0.999850223467
B001305	D000626	0.360583722591
B001305	L000583	0.25503218174
B001305	H001074	0.235864698887
B001305	M001156	0.226846456528
I000055	I000055	0.999860800803
I000055	G000359	0.268174469471
I000055	P000449	0.225581288338
I000055	C000567	0.122537851334
I000055	W000437	0.0619769096375
J000297	J000297	0.999774298805
J000297	M001180	0.338472127914
J000297	J000292	0.233608424664
J000297	M001151	0.167917311192
J000297	R000598	0.162271380424
N000190	N000190	0.99980375079
N000190	B001290	0.0960533022881
N000190	J000289	0.0656991004944
N000190	D000615	0.032386302948
N000190	H001052	0.0305140018463
S000148	S000148	1.0
S000148	D000622	0.150721907616
S000148	C001113	0.07807970047
S000148	M000639	0.05533182621
S000148	C001070	0.035266160965
C000754	C000754	1.0
C000754	R000576	0.0437966585159
C000754	D000620	0.018607378006
C000754	G000289	-0.010528087616
C000754	B001243	-0.0357706546783
G000289	G000289	0.999840950346
G000289	S000244	0.223709344864
G000289	G000568	0.186078250408
G000289	C001093	0.162091732025
G000289	M001179	0.159994661808
F000449	F000449	0.999849306929
F000449	M001198	0.238627195358
F000449	B001294	0.0768508911133
F000449	J000290	0.0691024065018
F000449	R000580	0.0686838626862
H001058	H001058	1.0
H001058	M001194	0.332034051418
H001058	W000798	0.2941583395
H001058	T000475	0.211709082127
H001058	P000606	0.0937296152115
S001189	S001189	0.999827057341
S001189	B001289	0.298811972141
S001189	R000575	0.185517370701
S001189	A000372	0.158593714237
S001189	G000560	0.14969420433
F000465	F000465	0.999945175379
F000465	A000372	0.290928602219
F000465	H001078	0.272371530533
F000465	F000450	0.199811518192
F000465	G000560	0.147092819214
H001072	H001072	0.999796987802
H001072	B001282	0.185052633286
H001072	L000491	0.182092547417
H001072	M001156	0.154850065708
H001072	H001074	0.13977509737
L000576	L000576	1.0
L000576	S001195	0.156602919102
L000576	M001190	0.14351195097
L000576	J000290	0.0772349834442
L000576	W000809	0.0738975405693
R000607	R000607	0.999804232022
R000607	D000621	0.25815063715
R000607	G000578	0.182534098625
R000607	W000806	0.157492518425
R000607	R000609	0.10040640831
C000880	C000880	1.0
C000880	R000584	0.571028918028
C000880	D000618	0.212172806263
C000880	L000575	0.210023343563
C000880	H001046	0.19824385643
H001036	H001036	0.999798400648
H001036	M001158	0.29038721323
H001036	S000250	0.211712241173
H001036	J000174	0.197788059711
H001036	F000460	0.189832866192
L000566	L000566	1.0
L000566	G000563	0.331217467785
L000566	J000292	0.166484951973
L000566	J000297	0.116473972797
L000566	S001176	0.034948348999
M001158	M001158	0.999781285616
M001158	H001036	0.29038721323
M001158	J000174	0.280650913715
M001158	B001248	0.139169454575
M001158	H001065	0.117795825005
P000605	P000605	0.999889114588
P000605	B001269	0.19621181488
P000605	B001290	0.0685716867447
P000605	H001071	0.0399810671806
P000605	G000580	0.0315140485764
S001198	S001198	0.999796642529
S001198	M001153	0.285625815392
S001198	S001194	0.0754095315933
S001198	C000127	0.0128825306892
S001198	H001041	-0.0145704746246
A000375	A000375	0.999917651934
A000375	R000601	0.103036522865
A000375	H001036	0.0490211844444
A000375	B001301	0.0210466384888
A000375	C001051	0.00653576850891
K000388	K000388	0.999921512463
K000388	A000055	0.407875597477
K000388	M001198	0.272916853428
K000388	A000374	0.238189220428
K000388	H001053	0.203245699406
M000303	M000303	1.0
M000303	J000293	0.303935885429
M000303	F000444	0.0586161613464
M000303	L000577	0.0543622374535
M000303	G000562	0.042722761631
M001179	M001179	0.999841317782
M001179	G000289	0.159994661808
M001179	C001093	0.155759990215
M001179	B001273	0.0729175209999
M001179	S000583	0.0512832403183
R000609	R000609	1.0
R000609	D000628	0.261343240738
R000609	G000578	0.182104885578
R000609	B001260	0.175756156445
R000609	M001199	0.137960970402
S001177	S001177	0.999942321021
S001177	B001245	0.224349856377
S001177	T000472	0.169499516487
S001177	R000600	0.103793859482
S001177	C001110	0.103382647038
C000059	C000059	0.999893461929
C000059	D000612	0.28036826849
C000059	N000181	0.265957474709
C000059	M001165	0.244997084141
C000059	V000129	0.203339159489
H001048	H001048	0.999805883956
H001048	R000409	0.282905340195
H001048	C000059	0.17342710495
H001048	L000578	0.0786489844322
H001048	C001094	0.0619900226593
I000056	I000056	1.0
I000056	W000820	0.237200915813
I000056	R000487	0.073453783989
I000056	K000387	0.0636940002441
I000056	C000059	0.0180894732475
C001048	C001048	0.999836026793
C001048	C001051	0.414614260197
C001048	C001062	0.394805967808
C001048	J000174	0.300668418407
C001048	B000213	0.16973400116
C001091	C001091	1.0
C001091	V000131	0.260075688362
C001091	V000132	0.254269599915
C001091	G000410	0.194132506847
C001091	T000474	0.184742569923
D000621	D000621	1.0
D000621	Y000065	0.344199478626
D000621	R000607	0.25815063715
D000621	G000578	0.195760905743
D000621	D000610	0.0888981223106
E000295	E000295	0.999792325631
E000295	G000386	0.428322613239
E000295	F000463	0.276219367981
E000295	M001170	0.0582522749901
E000295	J000293	0.052433013916
G000568	G000568	0.999829635417
G000568	G000289	0.186078250408
G000568	C001093	0.0706294775009
G000568	M001179	0.0405941009521
G000568	B001290	0.0275300145149
M001151	M001151	1.0
M001151	S001154	0.322211563587
M001151	M001180	0.237615942955
M001151	B001269	0.192977368832
M001151	J000297	0.167917311192
T000475	T000475	0.999888700906
T000475	H001058	0.211709082127
T000475	B001293	0.108869671822
T000475	M001194	0.102015137672
T000475	M001189	0.0694712996483
W000806	W000806	0.999817776712
W000806	R000607	0.157492518425
W000806	D000628	0.140699923038
W000806	P000599	0.111973464489
W000806	R000583	0.10474973917
B001301	B001301	1.0
B001301	G000579	0.2273478508
B001301	M001194	0.119032084942
B001301	M001201	0.0744599103928
B001301	U000031	0.066301047802
R000585	R000585	1.0
R000585	F000464	0.16751486063
R000585	R000597	0.107345342636
R000585	S001172	0.0839147567749
R000585	K000376	0.0452865958214
C001063	C001063	1.0
C001063	G000581	0.254654526711
C001063	G000410	0.235810577869
C001063	V000132	0.21028482914
C001063	C001091	0.143731474876
B001248	B001248	1.0
B001248	S000250	0.140719354153
B001248	M001158	0.139169454575
B001248	B000755	0.112637042999
B001248	H001036	0.104806482792
F000459	F000459	1.0
F000459	K000392	0.291570603848
F000459	B001243	0.175548911095
F000459	B001273	0.0854313373566
F000459	B001282	0.0766382217407
H001073	H001073	0.999821331745
H001073	T000238	0.210018634796
H001073	C001051	0.169876933098
H001073	B000213	0.118796646595
H001073	M001157	0.0809565186501
L000575	L000575	0.999869661464
L000575	L000577	0.400961041451
L000575	F000444	0.334008812904
L000575	H000338	0.330066502094
L000575	C000880	0.210023343563
C001075	C001075	1.0
C001075	C001047	0.172270178795
C001075	C000567	0.152298212051
C001075	S001202	0.121398985386
C001075	B001236	0.117337763309
L000585	L000585	0.999892508407
L000585	B001295	0.491284370422
L000585	S000364	0.385516524315
L000585	D000619	0.338844358921
L000585	K000378	0.158733010292
M001197	M001197	1.0
M001197	K000386	0.155271410942
M001197	H001073	0.108131408691
M001197	C001105	0.0293979048729
M001197	S001196	-0.0109063386917
G000546	G000546	1.0
G000546	L000576	0.214963614941
G000546	L000569	0.139826893806
G000546	M001198	0.123788297176
G000546	H001045	0.118354976177
Y000064	Y000064	0.999899194969
Y000064	R000595	0.174518585205
Y000064	S001184	0.166772305965
Y000064	T000461	0.162598252296
Y000064	P000449	0.130439221859
B001294	B001294	1.0
B001294	C001108	0.216626226902
B001294	M001198	0.129834592342
B001294	Y000066	0.0922704935074
B001294	S001172	0.0917093157768
C000567	C000567	1.0
C000567	W000437	0.618394672871
C000567	B001236	0.30164116621
C000567	S000320	0.190970003605
C000567	R000307	0.190525352955
D000614	D000614	0.999923085728
D000614	G000579	0.0559852719307
D000614	L000569	0.0321072340012
D000614	H001058	0.0179531574249
D000614	T000475	0.0151858925819
J000174	J000174	1.0
J000174	C001062	0.314362227917
J000174	C001048	0.300668418407
J000174	M001158	0.280650913715
J000174	B000755	0.209466040134
N000015	N000015	0.999828114873
N000015	L000557	0.518422663212
N000015	R000570	0.21546536684
N000015	P000197	0.203538894653
N000015	C001037	0.199838280678
C001093	C001093	0.999844416918
C001093	G000560	0.179748952389
C001093	W000810	0.14077681303
C001093	R000591	0.12642800808
C001093	B001273	0.105913162231
D000604	D000604	0.999846923878
D000604	F000466	0.249956607819
D000604	C001106	0.20088994503
D000604	S001154	0.131837904453
D000604	M001181	0.101462721825
W000819	W000819	1.0
W000819	M001156	0.237428367138
W000819	L000583	0.168305695057
W000819	H001065	0.147931277752
W000819	B001305	0.101326525211
B001250	B001250	1.0
B001250	S001192	0.439867675304
B001250	L000584	0.267149865627
B001250	C001076	0.256884038448
B001250	P000588	0.161000847816
G000585	G000585	1.0
G000585	B001300	0.410166800022
G000585	C001112	0.403733849525
G000585	V000130	0.350126564503
G000585	P000613	0.33975070715
M001159	M001159	0.999764413122
M001159	A000369	0.0901966691017
M001159	M001190	0.0613555312157
M001159	S001148	0.0539961457253
M001159	H001056	0.033505320549
V000108	V000108	0.99984297331
V000108	K000009	0.0917126536369
V000108	R000577	0.0889413356781
V000108	W000799	0.0489782094955
V000108	B001227	0.0488438010216
C001087	C001087	1.0
C001087	W000809	0.215506613255
C001087	P000601	0.193028509617
C001087	W000821	0.16933786869
C001087	C001108	0.134659290314
L000577	L000577	0.999847986735
L000577	P000603	0.409714579582
L000577	L000575	0.400961041451
L000577	H000338	0.229869246483
L000577	J000293	0.187620997429
S000364	S000364	1.0
S000364	K000378	0.398491084576
S000364	L000585	0.385516524315
S000364	R000580	0.305354356766
S000364	B001295	0.198757648468
W000815	W000815	0.999824836399
W000815	F000461	0.0965013504028
W000815	B001275	0.0869689583778
W000815	D000628	0.0432544946671
W000815	R000603	0.0156101584435
S001184	S001184	1.0
S001184	C001071	0.359310507774
S001184	T000461	0.345953762531
S001184	P000612	0.268371939659
S001184	R000595	0.170504033566
T000462	T000462	1.0
T000462	R000586	0.372481167316
T000462	R000570	0.270201146603
T000462	K000376	0.222389161587
T000462	S001195	0.163550078869
D000612	D000612	1.0
D000612	V000129	0.538250565529
D000612	C000059	0.28036826849
D000612	N000181	0.236508190632
D000612	L000578	0.225588679314
E000285	E000285	0.999958507033
E000285	B001261	0.43357360363
E000285	D000618	0.286984801292
E000285	S001141	0.250962913036
E000285	R000584	0.189381837845
M001184	M001184	1.0
M001184	A000367	0.33746945858
M001184	S000051	0.14378964901
M001184	M001187	0.0378786921501
M001184	N000190	0.0142940878868
R000409	R000409	1.0
R000409	H001048	0.282905340195
R000409	M001177	0.213554739952
R000409	Y000033	0.0572698712349
R000409	C001094	0.0455446839333
R000578	R000578	1.0
R000578	P000594	0.258305907249
R000578	S001195	0.0659475922585
R000578	J000290	0.0611260533333
R000578	M001181	0.0528114438057
F000463	F000463	0.999813964052
F000463	E000295	0.276219367981
F000463	G000386	0.096074461937
F000463	M000934	0.0935689210892
F000463	S001197	0.0726084113121
G000560	G000560	1.0
G000560	C001103	0.403271973133
G000560	A000372	0.311688125134
G000560	L000583	0.193871080875
G000560	C001093	0.179748952389
J000293	J000293	1.0
J000293	M000303	0.303935885429
J000293	L000577	0.187620997429
J000293	E000295	0.052433013916
J000293	G000386	0.0333851575851
B001261	B001261	1.0
B001261	E000285	0.43357360363
B001261	D000618	0.388818979263
B001261	H001061	0.203862190247
B001261	S001141	0.131930649281
G000582	G000582	1.0
G000582	R000600	0.332002162933
G000582	B001245	0.0801399946213
G000582	C001077	0.0052245259285
G000582	B001298	0.00134545564651
R000604	R000604	1.0
R000604	B001283	0.214381277561
R000604	G000546	0.0751639604568
R000604	H001053	0.0694378614426
R000604	B001289	0.0527405142784
H001056	H001056	1.0
H001056	Y000066	0.0394158363342
H001056	M001159	0.033505320549
H001056	A000369	0.0256247520447
H001056	K000387	0.0150978565216
L000491	L000491	1.0
L000491	H001072	0.182092547417
L000491	W000809	0.141888201237
L000491	W000816	0.130401790142
L000491	B001282	0.113063454628
P000610	P000610	1.0
P000610	C000537	0.318036913872
P000610	B001281	0.253532350063
P000610	L000586	0.239877462387
P000610	A000370	0.237484097481
L000573	L000573	0.9998427276
L000573	B001297	0.411724328995
L000573	B001302	0.272485971451
L000573	G000565	0.168785095215
L000573	M001177	0.136566519737
T000250	T000250	0.999837567375
T000250	M000934	0.209589540958
T000250	H001061	0.171658635139
T000250	C000880	0.155200600624
T000250	R000307	0.119690179825
B001273	B001273	0.999872419736
B001273	D000533	0.121198773384
B001273	C001093	0.105913162231
B001273	S000583	0.105364024639
B001273	B001243	0.105293631554
H001077	H001077	0.999919790207
H001077	A000374	0.186830580235
H001077	J000299	0.180191159248
H001077	R000609	0.0378181934357
H001077	C001114	0.0211980938911
R000575	R000575	0.999797921671
R000575	B001289	0.193390548229
R000575	S001189	0.185517370701
R000575	P000601	0.183597922325
R000575	B001274	0.16241055727
W000820	W000820	1.0
W000820	I000056	0.237200915813
W000820	M001165	0.199221432209
W000820	C000059	0.172472834587
W000820	R000487	0.088557600975
F000372	F000372	1.0
F000372	L000567	0.330015659332
F000372	L000554	0.328122079372
F000372	K000210	0.248017966747
F000372	C001106	0.152573466301
H001061	H001061	1.0
H001061	M000934	0.535163730383
H001061	D000618	0.334814190865
H001061	R000307	0.3201431036
H001061	B001261	0.203862190247
S000051	S000051	1.0
S000051	A000367	0.35713750124
S000051	B001290	0.222049534321
S000051	B001297	0.204776465893
S000051	M001184	0.14378964901
S001202	S001202	1.0
S001202	I000024	0.316019952297
S001202	C001095	0.2619830966
S001202	K000393	0.249709963799
S001202	B001236	0.221216857433
D000600	D000600	0.999936547953
D000600	R000435	0.563273578882
D000600	R000583	0.211786031723
D000600	D000610	0.208875656128
D000600	B001257	0.177851140499
U000031	U000031	0.999839222583
U000031	Z000018	0.366433560848
U000031	M001194	0.227631509304
U000031	C001092	0.146550416946
U000031	M001201	0.115917444229
A000055	A000055	1.0
A000055	K000388	0.407875597477
A000055	A000374	0.315058350563
A000055	H001053	0.154962301254
A000055	P000601	0.124946713448
B001283	B001283	0.999841870551
B001283	R000604	0.214381277561
B001283	L000564	0.116580069065
B001283	C001048	0.106776952744
B001283	B001299	0.0720117688179
C001051	C001051	1.0
C001051	C001048	0.414614260197
C001051	C001062	0.255397558212
C001051	F000460	0.198402941227
C001051	B000755	0.188266992569
C001108	C001108	0.999964252427
C001108	M001198	0.26153075695
C001108	B001294	0.216626226902
C001108	C001087	0.134659290314
C001108	C001114	0.1238027215
F000444	F000444	1.0
F000444	S001141	0.382600784302
F000444	H000338	0.347194731236
F000444	L000575	0.334008812904
F000444	L000577	0.177250027657
R000597	R000597	0.999945586118
R000597	R000570	0.246925055981
R000597	S001172	0.162963032722
R000597	H001065	0.147801995277
R000597	R000585	0.107345342636
G000359	G000359	1.0
G000359	B000575	0.308173775673
G000359	I000055	0.268174469471
G000359	P000449	0.194809019566
G000359	S000320	0.144306778908
L000587	L000587	0.999933949905
L000587	M001201	0.131016135216
L000587	G000580	0.130401968956
L000587	A000367	0.0754972696304
L000587	E000294	0.0590043663979
S001154	S001154	0.999924050666
S001154	M001151	0.322211563587
S001154	J000297	0.153361916542
S001154	B001227	0.151897728443
S001154	D000604	0.131837904453
H001074	H001074	1.0
H001074	B001305	0.235864698887
H001074	E000294	0.201622486115
H001074	W000816	0.0868155360222
H001074	L000569	0.0671377778053
J000289	J000289	1.0
J000289	C000266	0.171301960945
J000289	B001290	0.0764624476433
J000289	L000573	0.0704047679901
J000289	N000190	0.0656991004944
B001297	B001297	0.999812124966
B001297	L000573	0.411724328995
B001297	B001302	0.361450076103
B001297	B001290	0.21546214819
B001297	S000051	0.204776465893
B000213	B000213	0.999799786965
B000213	C001048	0.16973400116
B000213	C001051	0.125177919865
B000213	F000461	0.12381285429
B000213	H001073	0.118796646595
J000299	J000299	1.0
J000299	A000374	0.326261997223
J000299	H001077	0.180191159248
J000299	G000577	0.152396023273
J000299	H001052	0.11248087883
C001062	C001062	0.999829438791
C001062	C001048	0.394805967808
C001062	J000174	0.314362227917
C001062	T000238	0.288568496704
C001062	C001051	0.255397558212
B001260	B001260	0.999812966082
B001260	C001111	0.275096178055
B001260	G000578	0.211569607258
B001260	C001107	0.190569162369
B001260	R000609	0.175756156445
D000626	D000626	0.999906689234
D000626	B001305	0.360583722591
D000626	L000583	0.237806200981
D000626	P000606	0.209444522858
D000626	M001156	0.126254320145
G000377	G000377	0.999846114471
G000377	B000755	0.238031625748
G000377	C001062	0.234807431698
G000377	C001051	0.186710834503
G000377	C001048	0.118566334248
H001065	H001065	1.0
H001065	J000290	0.196562170982
H001065	S001195	0.192609846592
H001065	W000813	0.161090433598
H001065	T000462	0.159775257111
W000809	W000809	0.999952705588
W000809	C001087	0.215506613255
W000809	T000238	0.14519649744
W000809	L000491	0.141888201237
W000809	B001282	0.104840636253
P000603	P000603	0.999890915002
P000603	L000577	0.409714579582
P000603	M000355	0.168548583984
P000603	M001176	0.04587495327
P000603	S001141	0.0381780862808
T000477	T000477	0.99983034913
T000477	W000804	0.169903874397
T000477	B001292	0.108573555946
T000477	M001200	0.103788793087
T000477	S000185	0.10184520483
B001135	B001135	0.999942496357
B001135	W000805	0.204420387745
B001135	N000032	0.0763741731644
B001135	T000476	0.0405188202858
B001135	C001056	0.0293766856194
C000537	C000537	1.0
C000537	S001185	0.371269524097
C000537	F000455	0.320171713829
C000537	P000610	0.318036913872
C000537	B001251	0.312063217163
N000181	N000181	1.0
N000181	C000059	0.265957474709
N000181	D000612	0.236508190632
N000181	V000129	0.2201359272
N000181	M001165	0.175814568996
P000609	P000609	0.999974256962
P000609	M001187	0.255200445652
P000609	G000552	0.184510946274
P000609	B001302	0.17177760601
P000609	G000565	0.149349093437
R000591	R000591	0.999918495072
R000591	B001289	0.259296357632
R000591	C001093	0.12642800808
R000591	H001053	0.0656059384346
R000591	S001189	0.0250912308693
K000392	K000392	0.999819901524
K000392	F000459	0.291570603848
K000392	B001282	0.0879393219948
K000392	B001243	0.0564231872559
K000392	H001072	0.0522481203079
T000461	T000461	1.0
T000461	S001184	0.345953762531
T000461	T000476	0.166156768799
T000461	Y000064	0.162598252296
T000461	C001071	0.153477668762
B000755	B000755	1.0
B000755	G000377	0.238031625748
B000755	J000174	0.209466040134
B000755	C001051	0.188266992569
B000755	C001062	0.187534809113
S001148	S001148	0.999890466337
S001148	A000369	0.270960688591
S001148	V000129	0.233613908291
S001148	N000189	0.226549804211
S001148	W000821	0.168171882629
E000298	E000298	1.0
E000298	M001198	0.0870408415794
E000298	L000585	0.0743179321289
E000298	Y000063	0.0704647898674
E000298	H001074	0.0427045226097
R000395	R000395	1.0
R000395	J000292	0.135891795158
R000395	C001087	0.0838553309441
R000395	S001192	0.059112906456
R000395	M001180	0.0484655499458
T000238	T000238	1.0
T000238	C001062	0.288568496704
T000238	H001073	0.210018634796
T000238	V000132	0.147114157677
T000238	W000809	0.14519649744
C001109	C001109	0.999944143354
C001109	G000584	0.345878958702
C001109	C001076	0.182023823261
C001109	N000189	0.179323017597
C001109	S001148	0.12160718441
G000566	G000566	1.0
G000566	R000601	0.0654494762421
G000566	C001093	0.0514832139015
G000566	B001298	0.0367519259453
G000566	G000289	0.0261281728745
S001172	S001172	1.0
S001172	R000597	0.162963032722
S001172	J000290	0.140027046204
S001172	H001065	0.135990917683
S001172	B001294	0.0917093157768
F000450	F000450	0.999945481693
F000450	F000465	0.199811518192
F000450	W000795	0.184301316738
F000450	R000592	0.174794495106
F000450	M001201	0.147009134293
H000874	H000874	0.999856924434
H000874	P000197	0.478636860847
H000874	M001165	0.163402974606
H000874	N000015	0.115829408169
H000874	L000263	0.0868133306503
G000577	G000577	0.999965991508
G000577	J000299	0.152396023273
G000577	A000374	0.0460226535797
G000577	W000821	0.0319972038269
G000577	W000804	0.0289352536201
A000360	A000360	1.0
A000360	C001071	0.195352077484
A000360	M000355	0.193450331688
A000360	G000359	0.126398026943
A000360	S000320	0.0808862447739
C001076	C001076	1.0
C001076	B001250	0.256884038448
C001076	S001192	0.245731949806
C001076	L000573	0.231487035751
C001076	L000584	0.184539139271
W000791	W000791	0.999927636985
W000791	G000584	-0.00568795204163
W000791	D000628	-0.0238482952118
W000791	C001114	-0.0749742984772
W000791	Z000018	-0.0808615684509
W000810	W000810	0.999928657977
W000810	R000582	0.198734223843
W000810	G000560	0.194740235806
W000810	C001093	0.14077681303
W000810	C001103	0.121236622334
S001197	S001197	1.0
S001197	C001098	0.305729985237
S001197	F000444	0.137997031212
S001197	I000024	0.0909214019775
S001197	F000463	0.0726084113121
M001156	M001156	1.0
M001156	W000819	0.237428367138
M001156	B001305	0.226846456528
M001156	P000606	0.196852266788
M001156	H001072	0.154850065708
A000367	A000367	1.0
A000367	S000051	0.35713750124
A000367	M001184	0.33746945858
A000367	L000587	0.0754972696304
A000367	B001297	0.0416492819786
G000584	G000584	0.999817192642
G000584	C001109	0.345878958702
G000584	N000189	0.216330170631
G000584	C001096	0.163962960243
G000584	W000821	0.140504717827
M000355	M000355	1.0
M000355	S000320	0.351864337921
M000355	C001071	0.223791062832
M000355	A000360	0.193450331688
M000355	P000603	0.168548583984
P000197	P000197	1.0
P000197	H000874	0.478636860847
P000197	M001165	0.261169970036
P000197	T000460	0.203794121742
P000197	N000015	0.203538894653
S000320	S000320	1.0
S000320	M000355	0.351864337921
S000320	C001071	0.351130843163
S000320	W000437	0.235130608082
S000320	C000567	0.190970003605
C001071	C001071	0.999951045738
C001071	S001184	0.359310507774
C001071	S000320	0.351130843163
C001071	M000355	0.223791062832
C001071	A000360	0.195352077484
H001078	H001078	1.0
H001078	F000465	0.272371530533
H001078	L000583	0.139488816261
H001078	B001289	0.055378139019
H001078	A000372	0.00255686044693
S001176	S001176	1.0
S001176	G000558	0.17543309927
S001176	F000461	0.102361083031
S001176	J000292	0.0909783840179
S001176	J000174	0.0841705799103
M001165	M001165	0.999807329514
M001165	B000287	0.293856143951
M001165	P000197	0.261169970036
M001165	C000059	0.244997084141
M001165	W000820	0.199221432209
B000287	B000287	0.999842370671
B000287	M001165	0.293856143951
B000287	B001287	0.173443734646
B000287	N000181	0.137940526009
B000287	T000460	0.1301420331
C001114	C001114	0.999802131861
C001114	C001108	0.1238027215
C001114	T000238	0.102456450462
C001114	L000585	0.0204178094864
C001114	A000374	0.0193291902542
R000570	R000570	1.0
R000570	T000462	0.270201146603
R000570	R000597	0.246925055981
R000570	N000015	0.21546536684
R000570	P000197	0.163202226162
Z000018	Z000018	0.999899850023
Z000018	U000031	0.366433560848
Z000018	F000464	0.0643464326859
Z000018	M001194	0.0532469153404
Z000018	S001148	0.0320863723755
S001141	S001141	0.999812374706
S001141	F000444	0.382600784302
S001141	E000285	0.250962913036
S001141	H000338	0.239295482635
S001141	L000577	0.147459864616
